2023-06-13T14:04:44.329-0500 [DEBUG] [org.gradle.launcher.daemon.bootstrap.DaemonMain] Assuming the daemon was started with following jvm opts: [--add-opens=java.base/java.util=ALL-UNNAMED, --add-opens=java.base/java.lang=ALL-UNNAMED, --add-opens=java.base/java.lang.invoke=ALL-UNNAMED, --add-opens=java.prefs/java.util.prefs=ALL-UNNAMED, --add-opens=java.base/java.nio.charset=ALL-UNNAMED, --add-opens=java.base/java.net=ALL-UNNAMED, --add-opens=java.base/java.util.concurrent.atomic=ALL-UNNAMED, -Xmx2048m, -Dfile.encoding=UTF-8, -Duser.country=US, -Duser.language=en, -Duser.variant]
2023-06-13T14:04:44.501-0500 [DEBUG] [org.gradle.internal.nativeintegration.services.NativeServices] Native-platform posix files integration is not available. Continuing with fallback.
2023-06-13T14:04:44.512-0500 [INFO] [org.gradle.launcher.daemon.server.Daemon] start() called on daemon - DefaultDaemonContext[uid=26049978-4000-44be-9da6-c0c442aae2d6,javaHome=C:\Program Files\Java\jdk-17.0.2,daemonRegistryDir=C:\Users\tunei\AndroidStudioProjects\ICS342-MobileApplicationDevelopment-Labs\daemon,pid=27992,idleTimeout=10800000,priority=NORMAL,daemonOpts=--add-opens=java.base/java.util=ALL-UNNAMED,--add-opens=java.base/java.lang=ALL-UNNAMED,--add-opens=java.base/java.lang.invoke=ALL-UNNAMED,--add-opens=java.prefs/java.util.prefs=ALL-UNNAMED,--add-opens=java.base/java.nio.charset=ALL-UNNAMED,--add-opens=java.base/java.net=ALL-UNNAMED,--add-opens=java.base/java.util.concurrent.atomic=ALL-UNNAMED,-Xmx2048m,-Dfile.encoding=UTF-8,-Duser.country=US,-Duser.language=en,-Duser.variant]
2023-06-13T14:04:44.589-0500 [DEBUG] [org.gradle.internal.remote.internal.inet.InetAddresses] Adding IP addresses for network interface Software Loopback Interface 1
2023-06-13T14:04:44.591-0500 [DEBUG] [org.gradle.internal.remote.internal.inet.InetAddresses] Is this a loopback interface? true
2023-06-13T14:04:44.591-0500 [DEBUG] [org.gradle.internal.remote.internal.inet.InetAddresses] Adding loopback address /127.0.0.1
2023-06-13T14:04:44.591-0500 [DEBUG] [org.gradle.internal.remote.internal.inet.InetAddresses] Adding loopback address /0:0:0:0:0:0:0:1
2023-06-13T14:04:44.592-0500 [DEBUG] [org.gradle.internal.remote.internal.inet.InetAddresses] Adding IP addresses for network interface WAN Miniport (IKEv2)
2023-06-13T14:04:44.594-0500 [DEBUG] [org.gradle.internal.remote.internal.inet.InetAddresses] Is this a loopback interface? false
2023-06-13T14:04:44.594-0500 [DEBUG] [org.gradle.internal.remote.internal.inet.InetAddresses] Adding IP addresses for network interface WAN Miniport (IP)
2023-06-13T14:04:44.596-0500 [DEBUG] [org.gradle.internal.remote.internal.inet.InetAddresses] Is this a loopback interface? false
2023-06-13T14:04:44.596-0500 [DEBUG] [org.gradle.internal.remote.internal.inet.InetAddresses] Adding IP addresses for network interface Microsoft 6to4 Adapter
2023-06-13T14:04:44.598-0500 [DEBUG] [org.gradle.internal.remote.internal.inet.InetAddresses] Is this a loopback interface? false
2023-06-13T14:04:44.598-0500 [DEBUG] [org.gradle.internal.remote.internal.inet.InetAddresses] Adding IP addresses for network interface WAN Miniport (SSTP)
2023-06-13T14:04:44.600-0500 [DEBUG] [org.gradle.internal.remote.internal.inet.InetAddresses] Is this a loopback interface? false
2023-06-13T14:04:44.601-0500 [DEBUG] [org.gradle.internal.remote.internal.inet.InetAddresses] Adding IP addresses for network interface Realtek PCIe FE Family Controller
2023-06-13T14:04:44.603-0500 [DEBUG] [org.gradle.internal.remote.internal.inet.InetAddresses] Is this a loopback interface? false
2023-06-13T14:04:44.603-0500 [DEBUG] [org.gradle.internal.remote.internal.inet.InetAddresses] Adding remote address /fe80:0:0:0:c3ab:41cb:daba:cf98%eth1
2023-06-13T14:04:44.604-0500 [DEBUG] [org.gradle.internal.remote.internal.inet.InetAddresses] Adding IP addresses for network interface WAN Miniport (IPv6)
2023-06-13T14:04:44.606-0500 [DEBUG] [org.gradle.internal.remote.internal.inet.InetAddresses] Is this a loopback interface? false
2023-06-13T14:04:44.606-0500 [DEBUG] [org.gradle.internal.remote.internal.inet.InetAddresses] Adding IP addresses for network interface Microsoft IP-HTTPS Platform Adapter
2023-06-13T14:04:44.608-0500 [DEBUG] [org.gradle.internal.remote.internal.inet.InetAddresses] Is this a loopback interface? false
2023-06-13T14:04:44.608-0500 [DEBUG] [org.gradle.internal.remote.internal.inet.InetAddresses] Adding IP addresses for network interface WAN Miniport (Network Monitor)
2023-06-13T14:04:44.610-0500 [DEBUG] [org.gradle.internal.remote.internal.inet.InetAddresses] Is this a loopback interface? false
2023-06-13T14:04:44.610-0500 [DEBUG] [org.gradle.internal.remote.internal.inet.InetAddresses] Adding IP addresses for network interface Microsoft Kernel Debug Network Adapter
2023-06-13T14:04:44.612-0500 [DEBUG] [org.gradle.internal.remote.internal.inet.InetAddresses] Is this a loopback interface? false
2023-06-13T14:04:44.612-0500 [DEBUG] [org.gradle.internal.remote.internal.inet.InetAddresses] Adding IP addresses for network interface Bluetooth Device (Personal Area Network)
2023-06-13T14:04:44.615-0500 [DEBUG] [org.gradle.internal.remote.internal.inet.InetAddresses] Is this a loopback interface? false
2023-06-13T14:04:44.616-0500 [DEBUG] [org.gradle.internal.remote.internal.inet.InetAddresses] Adding IP addresses for network interface Microsoft Wi-Fi Direct Virtual Adapter
2023-06-13T14:04:44.619-0500 [DEBUG] [org.gradle.internal.remote.internal.inet.InetAddresses] Is this a loopback interface? false
2023-06-13T14:04:44.619-0500 [DEBUG] [org.gradle.internal.remote.internal.inet.InetAddresses] Adding remote address /fe80:0:0:0:9518:beec:660b:8dce%wlan0
2023-06-13T14:04:44.619-0500 [DEBUG] [org.gradle.internal.remote.internal.inet.InetAddresses] Adding IP addresses for network interface Microsoft Teredo Tunneling Adapter
2023-06-13T14:04:44.621-0500 [DEBUG] [org.gradle.internal.remote.internal.inet.InetAddresses] Is this a loopback interface? false
2023-06-13T14:04:44.622-0500 [DEBUG] [org.gradle.internal.remote.internal.inet.InetAddresses] Adding IP addresses for network interface WAN Miniport (PPTP)
2023-06-13T14:04:44.625-0500 [DEBUG] [org.gradle.internal.remote.internal.inet.InetAddresses] Is this a loopback interface? false
2023-06-13T14:04:44.625-0500 [DEBUG] [org.gradle.internal.remote.internal.inet.InetAddresses] Adding IP addresses for network interface Qualcomm QCA9377 802.11ac Wireless Adapter
2023-06-13T14:04:44.627-0500 [DEBUG] [org.gradle.internal.remote.internal.inet.InetAddresses] Is this a loopback interface? false
2023-06-13T14:04:44.627-0500 [DEBUG] [org.gradle.internal.remote.internal.inet.InetAddresses] Adding remote address /192.168.0.6
2023-06-13T14:04:44.627-0500 [DEBUG] [org.gradle.internal.remote.internal.inet.InetAddresses] Adding remote address /2601:446:8101:6cb0:401b:5e08:7539:cf8f
2023-06-13T14:04:44.628-0500 [DEBUG] [org.gradle.internal.remote.internal.inet.InetAddresses] Adding remote address /2601:446:8101:6cb0:f59d:d571:e834:a814
2023-06-13T14:04:44.628-0500 [DEBUG] [org.gradle.internal.remote.internal.inet.InetAddresses] Adding remote address /fe80:0:0:0:353d:c9ed:df2b:f192%wlan1
2023-06-13T14:04:44.628-0500 [DEBUG] [org.gradle.internal.remote.internal.inet.InetAddresses] Adding IP addresses for network interface WAN Miniport (PPPOE)
2023-06-13T14:04:44.631-0500 [DEBUG] [org.gradle.internal.remote.internal.inet.InetAddresses] Is this a loopback interface? false
2023-06-13T14:04:44.631-0500 [DEBUG] [org.gradle.internal.remote.internal.inet.InetAddresses] Adding IP addresses for network interface WAN Miniport (L2TP)
2023-06-13T14:04:44.635-0500 [DEBUG] [org.gradle.internal.remote.internal.inet.InetAddresses] Is this a loopback interface? false
2023-06-13T14:04:44.635-0500 [DEBUG] [org.gradle.internal.remote.internal.inet.InetAddresses] Adding IP addresses for network interface Microsoft Wi-Fi Direct Virtual Adapter #2
2023-06-13T14:04:44.637-0500 [DEBUG] [org.gradle.internal.remote.internal.inet.InetAddresses] Is this a loopback interface? false
2023-06-13T14:04:44.637-0500 [DEBUG] [org.gradle.internal.remote.internal.inet.InetAddresses] Adding remote address /fe80:0:0:0:e0ac:fef:31a5:9a90%wlan2
2023-06-13T14:04:44.637-0500 [DEBUG] [org.gradle.internal.remote.internal.inet.InetAddresses] Adding IP addresses for network interface Realtek PCIe FE Family Controller-WFP Native MAC Layer LightWeight Filter-0000
2023-06-13T14:04:44.639-0500 [DEBUG] [org.gradle.internal.remote.internal.inet.InetAddresses] Is this a loopback interface? false
2023-06-13T14:04:44.639-0500 [DEBUG] [org.gradle.internal.remote.internal.inet.InetAddresses] Adding IP addresses for network interface Realtek PCIe FE Family Controller-Npcap Packet Driver (NPCAP)-0000
2023-06-13T14:04:44.642-0500 [DEBUG] [org.gradle.internal.remote.internal.inet.InetAddresses] Is this a loopback interface? false
2023-06-13T14:04:44.642-0500 [DEBUG] [org.gradle.internal.remote.internal.inet.InetAddresses] Adding IP addresses for network interface Realtek PCIe FE Family Controller-QoS Packet Scheduler-0000
2023-06-13T14:04:44.644-0500 [DEBUG] [org.gradle.internal.remote.internal.inet.InetAddresses] Is this a loopback interface? false
2023-06-13T14:04:44.644-0500 [DEBUG] [org.gradle.internal.remote.internal.inet.InetAddresses] Adding IP addresses for network interface Realtek PCIe FE Family Controller-WFP 802.3 MAC Layer LightWeight Filter-0000
2023-06-13T14:04:44.646-0500 [DEBUG] [org.gradle.internal.remote.internal.inet.InetAddresses] Is this a loopback interface? false
2023-06-13T14:04:44.646-0500 [DEBUG] [org.gradle.internal.remote.internal.inet.InetAddresses] Adding IP addresses for network interface Qualcomm QCA9377 802.11ac Wireless Adapter-WFP Native MAC Layer LightWeight Filter-0000
2023-06-13T14:04:44.648-0500 [DEBUG] [org.gradle.internal.remote.internal.inet.InetAddresses] Is this a loopback interface? false
2023-06-13T14:04:44.648-0500 [DEBUG] [org.gradle.internal.remote.internal.inet.InetAddresses] Adding IP addresses for network interface Qualcomm QCA9377 802.11ac Wireless Adapter-Virtual WiFi Filter Driver-0000
2023-06-13T14:04:44.651-0500 [DEBUG] [org.gradle.internal.remote.internal.inet.InetAddresses] Is this a loopback interface? false
2023-06-13T14:04:44.651-0500 [DEBUG] [org.gradle.internal.remote.internal.inet.InetAddresses] Adding IP addresses for network interface Qualcomm QCA9377 802.11ac Wireless Adapter-Native WiFi Filter Driver-0000
2023-06-13T14:04:44.653-0500 [DEBUG] [org.gradle.internal.remote.internal.inet.InetAddresses] Is this a loopback interface? false
2023-06-13T14:04:44.653-0500 [DEBUG] [org.gradle.internal.remote.internal.inet.InetAddresses] Adding IP addresses for network interface Qualcomm QCA9377 802.11ac Wireless Adapter-Npcap Packet Driver (NPCAP)-0000
2023-06-13T14:04:44.655-0500 [DEBUG] [org.gradle.internal.remote.internal.inet.InetAddresses] Is this a loopback interface? false
2023-06-13T14:04:44.655-0500 [DEBUG] [org.gradle.internal.remote.internal.inet.InetAddresses] Adding IP addresses for network interface Qualcomm QCA9377 802.11ac Wireless Adapter-QoS Packet Scheduler-0000
2023-06-13T14:04:44.657-0500 [DEBUG] [org.gradle.internal.remote.internal.inet.InetAddresses] Is this a loopback interface? false
2023-06-13T14:04:44.657-0500 [DEBUG] [org.gradle.internal.remote.internal.inet.InetAddresses] Adding IP addresses for network interface Qualcomm QCA9377 802.11ac Wireless Adapter-WFP 802.3 MAC Layer LightWeight Filter-0000
2023-06-13T14:04:44.659-0500 [DEBUG] [org.gradle.internal.remote.internal.inet.InetAddresses] Is this a loopback interface? false
2023-06-13T14:04:44.659-0500 [DEBUG] [org.gradle.internal.remote.internal.inet.InetAddresses] Adding IP addresses for network interface Microsoft Wi-Fi Direct Virtual Adapter-WFP Native MAC Layer LightWeight Filter-0000
2023-06-13T14:04:44.661-0500 [DEBUG] [org.gradle.internal.remote.internal.inet.InetAddresses] Is this a loopback interface? false
2023-06-13T14:04:44.661-0500 [DEBUG] [org.gradle.internal.remote.internal.inet.InetAddresses] Adding IP addresses for network interface Microsoft Wi-Fi Direct Virtual Adapter-Native WiFi Filter Driver-0000
2023-06-13T14:04:44.663-0500 [DEBUG] [org.gradle.internal.remote.internal.inet.InetAddresses] Is this a loopback interface? false
2023-06-13T14:04:44.663-0500 [DEBUG] [org.gradle.internal.remote.internal.inet.InetAddresses] Adding IP addresses for network interface Microsoft Wi-Fi Direct Virtual Adapter-Npcap Packet Driver (NPCAP)-0000
2023-06-13T14:04:44.665-0500 [DEBUG] [org.gradle.internal.remote.internal.inet.InetAddresses] Is this a loopback interface? false
2023-06-13T14:04:44.665-0500 [DEBUG] [org.gradle.internal.remote.internal.inet.InetAddresses] Adding IP addresses for network interface Microsoft Wi-Fi Direct Virtual Adapter-QoS Packet Scheduler-0000
2023-06-13T14:04:44.667-0500 [DEBUG] [org.gradle.internal.remote.internal.inet.InetAddresses] Is this a loopback interface? false
2023-06-13T14:04:44.667-0500 [DEBUG] [org.gradle.internal.remote.internal.inet.InetAddresses] Adding IP addresses for network interface Microsoft Wi-Fi Direct Virtual Adapter-WFP 802.3 MAC Layer LightWeight Filter-0000
2023-06-13T14:04:44.669-0500 [DEBUG] [org.gradle.internal.remote.internal.inet.InetAddresses] Is this a loopback interface? false
2023-06-13T14:04:44.669-0500 [DEBUG] [org.gradle.internal.remote.internal.inet.InetAddresses] Adding IP addresses for network interface WAN Miniport (IP)-WFP Native MAC Layer LightWeight Filter-0000
2023-06-13T14:04:44.671-0500 [DEBUG] [org.gradle.internal.remote.internal.inet.InetAddresses] Is this a loopback interface? false
2023-06-13T14:04:44.671-0500 [DEBUG] [org.gradle.internal.remote.internal.inet.InetAddresses] Adding IP addresses for network interface WAN Miniport (IP)-Npcap Packet Driver (NPCAP)-0000
2023-06-13T14:04:44.673-0500 [DEBUG] [org.gradle.internal.remote.internal.inet.InetAddresses] Is this a loopback interface? false
2023-06-13T14:04:44.673-0500 [DEBUG] [org.gradle.internal.remote.internal.inet.InetAddresses] Adding IP addresses for network interface WAN Miniport (IP)-QoS Packet Scheduler-0000
2023-06-13T14:04:44.675-0500 [DEBUG] [org.gradle.internal.remote.internal.inet.InetAddresses] Is this a loopback interface? false
2023-06-13T14:04:44.675-0500 [DEBUG] [org.gradle.internal.remote.internal.inet.InetAddresses] Adding IP addresses for network interface WAN Miniport (IPv6)-WFP Native MAC Layer LightWeight Filter-0000
2023-06-13T14:04:44.677-0500 [DEBUG] [org.gradle.internal.remote.internal.inet.InetAddresses] Is this a loopback interface? false
2023-06-13T14:04:44.677-0500 [DEBUG] [org.gradle.internal.remote.internal.inet.InetAddresses] Adding IP addresses for network interface WAN Miniport (IPv6)-Npcap Packet Driver (NPCAP)-0000
2023-06-13T14:04:44.679-0500 [DEBUG] [org.gradle.internal.remote.internal.inet.InetAddresses] Is this a loopback interface? false
2023-06-13T14:04:44.679-0500 [DEBUG] [org.gradle.internal.remote.internal.inet.InetAddresses] Adding IP addresses for network interface WAN Miniport (IPv6)-QoS Packet Scheduler-0000
2023-06-13T14:04:44.681-0500 [DEBUG] [org.gradle.internal.remote.internal.inet.InetAddresses] Is this a loopback interface? false
2023-06-13T14:04:44.681-0500 [DEBUG] [org.gradle.internal.remote.internal.inet.InetAddresses] Adding IP addresses for network interface WAN Miniport (Network Monitor)-WFP Native MAC Layer LightWeight Filter-0000
2023-06-13T14:04:44.683-0500 [DEBUG] [org.gradle.internal.remote.internal.inet.InetAddresses] Is this a loopback interface? false
2023-06-13T14:04:44.683-0500 [DEBUG] [org.gradle.internal.remote.internal.inet.InetAddresses] Adding IP addresses for network interface WAN Miniport (Network Monitor)-Npcap Packet Driver (NPCAP)-0000
2023-06-13T14:04:44.685-0500 [DEBUG] [org.gradle.internal.remote.internal.inet.InetAddresses] Is this a loopback interface? false
2023-06-13T14:04:44.685-0500 [DEBUG] [org.gradle.internal.remote.internal.inet.InetAddresses] Adding IP addresses for network interface WAN Miniport (Network Monitor)-QoS Packet Scheduler-0000
2023-06-13T14:04:44.687-0500 [DEBUG] [org.gradle.internal.remote.internal.inet.InetAddresses] Is this a loopback interface? false
2023-06-13T14:04:44.687-0500 [DEBUG] [org.gradle.internal.remote.internal.inet.InetAddresses] Adding IP addresses for network interface Microsoft Wi-Fi Direct Virtual Adapter #2-WFP Native MAC Layer LightWeight Filter-0000
2023-06-13T14:04:44.689-0500 [DEBUG] [org.gradle.internal.remote.internal.inet.InetAddresses] Is this a loopback interface? false
2023-06-13T14:04:44.689-0500 [DEBUG] [org.gradle.internal.remote.internal.inet.InetAddresses] Adding IP addresses for network interface Microsoft Wi-Fi Direct Virtual Adapter #2-Native WiFi Filter Driver-0000
2023-06-13T14:04:44.691-0500 [DEBUG] [org.gradle.internal.remote.internal.inet.InetAddresses] Is this a loopback interface? false
2023-06-13T14:04:44.691-0500 [DEBUG] [org.gradle.internal.remote.internal.inet.InetAddresses] Adding IP addresses for network interface Microsoft Wi-Fi Direct Virtual Adapter #2-Npcap Packet Driver (NPCAP)-0000
2023-06-13T14:04:44.692-0500 [DEBUG] [org.gradle.internal.remote.internal.inet.InetAddresses] Is this a loopback interface? false
2023-06-13T14:04:44.693-0500 [DEBUG] [org.gradle.internal.remote.internal.inet.InetAddresses] Adding IP addresses for network interface Microsoft Wi-Fi Direct Virtual Adapter #2-QoS Packet Scheduler-0000
2023-06-13T14:04:44.695-0500 [DEBUG] [org.gradle.internal.remote.internal.inet.InetAddresses] Is this a loopback interface? false
2023-06-13T14:04:44.695-0500 [DEBUG] [org.gradle.internal.remote.internal.inet.InetAddresses] Adding IP addresses for network interface Microsoft Wi-Fi Direct Virtual Adapter #2-WFP 802.3 MAC Layer LightWeight Filter-0000
2023-06-13T14:04:44.697-0500 [DEBUG] [org.gradle.internal.remote.internal.inet.InetAddresses] Is this a loopback interface? false
2023-06-13T14:04:44.702-0500 [DEBUG] [org.gradle.internal.remote.internal.inet.TcpIncomingConnector] Listening on [c21efc69-a712-47b6-88cd-1de212eeba6d port:60754, addresses:[localhost/127.0.0.1]].
2023-06-13T14:04:44.707-0500 [DEBUG] [org.gradle.launcher.daemon.server.Daemon] Daemon starting at: Tue Jun 13 14:04:44 CDT 2023, with address: [c21efc69-a712-47b6-88cd-1de212eeba6d port:60754, addresses:[localhost/127.0.0.1]]
2023-06-13T14:04:44.707-0500 [INFO] [org.gradle.launcher.daemon.server.DaemonRegistryUpdater] Advertising the daemon address to the clients: [c21efc69-a712-47b6-88cd-1de212eeba6d port:60754, addresses:[localhost/127.0.0.1]]
2023-06-13T14:04:44.707-0500 [DEBUG] [org.gradle.launcher.daemon.server.DaemonRegistryUpdater] Advertised daemon context: DefaultDaemonContext[uid=26049978-4000-44be-9da6-c0c442aae2d6,javaHome=C:\Program Files\Java\jdk-17.0.2,daemonRegistryDir=C:\Users\tunei\AndroidStudioProjects\ICS342-MobileApplicationDevelopment-Labs\daemon,pid=27992,idleTimeout=10800000,priority=NORMAL,daemonOpts=--add-opens=java.base/java.util=ALL-UNNAMED,--add-opens=java.base/java.lang=ALL-UNNAMED,--add-opens=java.base/java.lang.invoke=ALL-UNNAMED,--add-opens=java.prefs/java.util.prefs=ALL-UNNAMED,--add-opens=java.base/java.nio.charset=ALL-UNNAMED,--add-opens=java.base/java.net=ALL-UNNAMED,--add-opens=java.base/java.util.concurrent.atomic=ALL-UNNAMED,-Xmx2048m,-Dfile.encoding=UTF-8,-Duser.country=US,-Duser.language=en,-Duser.variant]
2023-06-13T14:04:44.708-0500 [DEBUG] [org.gradle.launcher.daemon.registry.PersistentDaemonRegistry] Storing daemon address: [c21efc69-a712-47b6-88cd-1de212eeba6d port:60754, addresses:[localhost/127.0.0.1]], context: DefaultDaemonContext[uid=26049978-4000-44be-9da6-c0c442aae2d6,javaHome=C:\Program Files\Java\jdk-17.0.2,daemonRegistryDir=C:\Users\tunei\AndroidStudioProjects\ICS342-MobileApplicationDevelopment-Labs\daemon,pid=27992,idleTimeout=10800000,priority=NORMAL,daemonOpts=--add-opens=java.base/java.util=ALL-UNNAMED,--add-opens=java.base/java.lang=ALL-UNNAMED,--add-opens=java.base/java.lang.invoke=ALL-UNNAMED,--add-opens=java.prefs/java.util.prefs=ALL-UNNAMED,--add-opens=java.base/java.nio.charset=ALL-UNNAMED,--add-opens=java.base/java.net=ALL-UNNAMED,--add-opens=java.base/java.util.concurrent.atomic=ALL-UNNAMED,-Xmx2048m,-Dfile.encoding=UTF-8,-Duser.country=US,-Duser.language=en,-Duser.variant]
2023-06-13T14:04:44.720-0500 [DEBUG] [org.gradle.cache.internal.DefaultFileLockManager] Waiting to acquire exclusive lock on daemon addresses registry.
2023-06-13T14:04:44.723-0500 [DEBUG] [org.gradle.cache.internal.DefaultFileLockManager] Lock acquired on daemon addresses registry.
2023-06-13T14:04:44.731-0500 [DEBUG] [org.gradle.cache.internal.DefaultFileLockManager] Releasing lock on daemon addresses registry.
2023-06-13T14:04:44.731-0500 [LIFECYCLE] [org.gradle.launcher.daemon.server.Daemon] Daemon server started.
2023-06-13T14:04:44.733-0500 [DEBUG] [org.gradle.launcher.daemon.bootstrap.DaemonStartupCommunication] Completed writing the daemon greeting. Closing streams...
2023-06-13T14:04:44.737-0500 [DEBUG] [org.gradle.launcher.daemon.server.Daemon] stopOnExpiration() called on daemon
2023-06-13T14:04:44.738-0500 [DEBUG] [org.gradle.launcher.daemon.server.Daemon] awaitExpiration() called on daemon
2023-06-13T14:04:44.739-0500 [DEBUG] [org.gradle.launcher.daemon.server.DaemonStateCoordinator] daemon is running. Sleeping until state changes.
2023-06-13T14:04:44.743-0500 [DEBUG] [org.gradle.internal.remote.internal.inet.TcpIncomingConnector] Accepted connection from /127.0.0.1:60755 to /127.0.0.1:60754.
2023-06-13T14:04:44.797-0500 [DEBUG] [org.gradle.launcher.daemon.server.SynchronizedDispatchConnection] thread 22: received class org.gradle.launcher.daemon.protocol.Build
2023-06-13T14:04:44.797-0500 [DEBUG] [org.gradle.launcher.daemon.server.DefaultDaemonConnection] thread 22: Received non-IO message from client: Build{id=8800b799-2f1a-4beb-9f7e-dc8993e303f1, currentDir=C:\Users\tunei\AndroidStudioProjects\ICS342-MobileApplicationDevelopment-Labs}
2023-06-13T14:04:44.797-0500 [INFO] [org.gradle.launcher.daemon.server.DefaultIncomingConnectionHandler] Received command: Build{id=8800b799-2f1a-4beb-9f7e-dc8993e303f1, currentDir=C:\Users\tunei\AndroidStudioProjects\ICS342-MobileApplicationDevelopment-Labs}.
2023-06-13T14:04:44.797-0500 [DEBUG] [org.gradle.launcher.daemon.server.DefaultIncomingConnectionHandler] Starting executing command: Build{id=8800b799-2f1a-4beb-9f7e-dc8993e303f1, currentDir=C:\Users\tunei\AndroidStudioProjects\ICS342-MobileApplicationDevelopment-Labs} with connection: socket connection from /127.0.0.1:60754 to /127.0.0.1:60755.
2023-06-13T14:04:44.799-0500 [DEBUG] [org.gradle.launcher.daemon.server.DaemonStateCoordinator] Command execution: started DaemonCommandExecution[command = Build{id=8800b799-2f1a-4beb-9f7e-dc8993e303f1, currentDir=C:\Users\tunei\AndroidStudioProjects\ICS342-MobileApplicationDevelopment-Labs}, connection = DefaultDaemonConnection: socket connection from /127.0.0.1:60754 to /127.0.0.1:60755] after 0.0 minutes of idle
2023-06-13T14:04:44.799-0500 [INFO] [org.gradle.launcher.daemon.server.DaemonRegistryUpdater] Marking the daemon as busy, address: [c21efc69-a712-47b6-88cd-1de212eeba6d port:60754, addresses:[localhost/127.0.0.1]]
2023-06-13T14:04:44.800-0500 [DEBUG] [org.gradle.launcher.daemon.registry.PersistentDaemonRegistry] Marking busy by address: [c21efc69-a712-47b6-88cd-1de212eeba6d port:60754, addresses:[localhost/127.0.0.1]]
2023-06-13T14:04:44.801-0500 [DEBUG] [org.gradle.cache.internal.DefaultFileLockManager] Waiting to acquire exclusive lock on daemon addresses registry.
2023-06-13T14:04:44.801-0500 [DEBUG] [org.gradle.cache.internal.DefaultFileLockManager] Lock acquired on daemon addresses registry.
2023-06-13T14:04:44.803-0500 [DEBUG] [org.gradle.cache.internal.DefaultFileLockManager] Releasing lock on daemon addresses registry.
2023-06-13T14:04:44.803-0500 [DEBUG] [org.gradle.launcher.daemon.server.DaemonStateCoordinator] resetting idle timer
2023-06-13T14:04:44.803-0500 [DEBUG] [org.gradle.launcher.daemon.server.DaemonStateCoordinator] daemon is running. Sleeping until state changes.
2023-06-13T14:04:44.804-0500 [INFO] [org.gradle.launcher.daemon.server.exec.StartBuildOrRespondWithBusy] Daemon is about to start building Build{id=8800b799-2f1a-4beb-9f7e-dc8993e303f1, currentDir=C:\Users\tunei\AndroidStudioProjects\ICS342-MobileApplicationDevelopment-Labs}. Dispatching build started information...
2023-06-13T14:04:44.804-0500 [DEBUG] [org.gradle.launcher.daemon.server.SynchronizedDispatchConnection] thread 24: dispatching org.gradle.launcher.daemon.protocol.BuildStarted@19ab10a
2023-06-13T14:04:44.806-0500 [DEBUG] [org.gradle.launcher.daemon.server.exec.EstablishBuildEnvironment] Configuring env variables: [USERDOMAIN_ROAMINGPROFILE, LOCALAPPDATA, PROCESSOR_LEVEL, USERDOMAIN, LOGONSERVER, JAVA_HOME, SESSIONNAME, ALLUSERSPROFILE, PROCESSOR_ARCHITECTURE, PSModulePath, SystemDrive, OneDrive, APPDATA, USERNAME, ProgramFiles(x86), CommonProgramFiles, Path, PATHEXT, DriverData, OS, OneDriveConsumer, COMPUTERNAME, PROCESSOR_REVISION, CommonProgramW6432, ComSpec, ProgramData, GIT_LFS_PATH, ProgramW6432, TEMP, HOMEPATH, SystemRoot, PROCESSOR_IDENTIFIER, HOMEDRIVE, USERPROFILE, TMP, CommonProgramFiles(x86), ProgramFiles, PUBLIC, windir, NUMBER_OF_PROCESSORS, =::, IDEA_INITIAL_DIRECTORY, ZES_ENABLE_SYSMAN]
2023-06-13T14:04:44.808-0500 [DEBUG] [org.gradle.launcher.daemon.server.SynchronizedDispatchConnection] thread 22: received class org.gradle.launcher.daemon.protocol.CloseInput
2023-06-13T14:04:44.808-0500 [DEBUG] [org.gradle.launcher.daemon.server.DefaultDaemonConnection] thread 22: Received IO message from client: org.gradle.launcher.daemon.protocol.CloseInput@5f647b5c
2023-06-13T14:04:44.810-0500 [DEBUG] [org.gradle.launcher.daemon.server.exec.LogToClient] About to start relaying all logs to the client via the connection.
2023-06-13T14:04:44.810-0500 [INFO] [org.gradle.launcher.daemon.server.exec.LogToClient] The client will now receive all logging from the daemon (pid: 27992). The daemon log file: C:\Users\tunei\AndroidStudioProjects\ICS342-MobileApplicationDevelopment-Labs\daemon\8.0\daemon-27992.out.log
2023-06-13T14:04:44.811-0500 [INFO] [org.gradle.launcher.daemon.server.exec.LogAndCheckHealth] Starting build in new daemon [memory: 2 GiB]
2023-06-13T14:04:44.812-0500 [INFO] [org.gradle.launcher.daemon.server.exec.ForwardClientInput] Closing daemon's stdin at end of input.
2023-06-13T14:04:44.812-0500 [INFO] [org.gradle.launcher.daemon.server.exec.ForwardClientInput] The daemon will no longer process any standard input.
2023-06-13T14:04:44.816-0500 [DEBUG] [org.gradle.launcher.daemon.server.exec.ExecuteBuild] The daemon has started executing the build.
2023-06-13T14:04:44.816-0500 [DEBUG] [org.gradle.launcher.daemon.server.exec.ExecuteBuild] Executing build with daemon context: DefaultDaemonContext[uid=26049978-4000-44be-9da6-c0c442aae2d6,javaHome=C:\Program Files\Java\jdk-17.0.2,daemonRegistryDir=C:\Users\tunei\AndroidStudioProjects\ICS342-MobileApplicationDevelopment-Labs\daemon,pid=27992,idleTimeout=10800000,priority=NORMAL,daemonOpts=--add-opens=java.base/java.util=ALL-UNNAMED,--add-opens=java.base/java.lang=ALL-UNNAMED,--add-opens=java.base/java.lang.invoke=ALL-UNNAMED,--add-opens=java.prefs/java.util.prefs=ALL-UNNAMED,--add-opens=java.base/java.nio.charset=ALL-UNNAMED,--add-opens=java.base/java.net=ALL-UNNAMED,--add-opens=java.base/java.util.concurrent.atomic=ALL-UNNAMED,-Xmx2048m,-Dfile.encoding=UTF-8,-Duser.country=US,-Duser.language=en,-Duser.variant]

BUILD SUCCESSFUL in 27s
31 actionable tasks: 4 executed, 27 up-to-date
2023-06-13T14:05:09.848-0500 [DEBUG] [org.gradle.launcher.daemon.server.exec.ExecuteBuild] The daemon has finished executing the build.
2023-06-13T14:05:09.857-0500 [DEBUG] [org.gradle.launcher.daemon.server.DaemonStateCoordinator] daemon is running. Sleeping until state changes.
2023-06-13T14:05:09.858-0500 [DEBUG] [org.gradle.launcher.daemon.server.DaemonStateCoordinator] Command execution: finished waiting for DaemonCommandExecution[command = Build{id=8800b799-2f1a-4beb-9f7e-dc8993e303f1, currentDir=C:\Users\tunei\AndroidStudioProjects\ICS342-MobileApplicationDevelopment-Labs}, connection = DefaultDaemonConnection: socket connection from /127.0.0.1:60754 to /127.0.0.1:60755]. Result org.gradle.launcher.daemon.server.DaemonStateCoordinator@1c825d7b with state Busy
2023-06-13T14:05:09.858-0500 [DEBUG] [org.gradle.launcher.daemon.server.DaemonStateCoordinator] Command execution: completed DaemonCommandExecution[command = Build{id=8800b799-2f1a-4beb-9f7e-dc8993e303f1, currentDir=C:\Users\tunei\AndroidStudioProjects\ICS342-MobileApplicationDevelopment-Labs}, connection = DefaultDaemonConnection: socket connection from /127.0.0.1:60754 to /127.0.0.1:60755]
2023-06-13T14:05:09.858-0500 [DEBUG] [org.gradle.launcher.daemon.server.DaemonStateCoordinator] resetting idle timer
2023-06-13T14:05:09.859-0500 [INFO] [org.gradle.launcher.daemon.server.DaemonRegistryUpdater] Marking the daemon as idle, address: [c21efc69-a712-47b6-88cd-1de212eeba6d port:60754, addresses:[localhost/127.0.0.1]]
2023-06-13T14:05:09.859-0500 [DEBUG] [org.gradle.launcher.daemon.registry.PersistentDaemonRegistry] Marking busy by address: [c21efc69-a712-47b6-88cd-1de212eeba6d port:60754, addresses:[localhost/127.0.0.1]]
2023-06-13T14:05:09.861-0500 [DEBUG] [org.gradle.cache.internal.DefaultFileLockManager] Waiting to acquire exclusive lock on daemon addresses registry.
2023-06-13T14:05:09.862-0500 [DEBUG] [org.gradle.cache.internal.DefaultFileLockManager] Lock acquired on daemon addresses registry.
2023-06-13T14:05:09.865-0500 [DEBUG] [org.gradle.cache.internal.DefaultFileLockManager] Releasing lock on daemon addresses registry.
2023-06-13T14:05:09.865-0500 [DEBUG] [org.gradle.launcher.daemon.server.DaemonStateCoordinator] daemon is running. Sleeping until state changes.
2023-06-13T14:05:09.866-0500 [DEBUG] [org.gradle.launcher.daemon.server.exec.ReturnResult] Daemon is dispatching the build result: Success[value=org.gradle.launcher.exec.BuildActionResult@57975bd7]
2023-06-13T14:05:09.866-0500 [DEBUG] [org.gradle.launcher.daemon.server.SynchronizedDispatchConnection] thread 21: dispatching Success[value=org.gradle.launcher.exec.BuildActionResult@57975bd7]
2023-06-13T14:05:09.867-0500 [DEBUG] [org.gradle.launcher.daemon.server.DefaultIncomingConnectionHandler] Finishing executing command: Build{id=8800b799-2f1a-4beb-9f7e-dc8993e303f1, currentDir=C:\Users\tunei\AndroidStudioProjects\ICS342-MobileApplicationDevelopment-Labs}
2023-06-13T14:05:09.869-0500 [DEBUG] [org.gradle.launcher.daemon.server.SynchronizedDispatchConnection] thread 22: received class org.gradle.launcher.daemon.protocol.Finished
2023-06-13T14:05:09.869-0500 [DEBUG] [org.gradle.launcher.daemon.server.DefaultDaemonConnection] thread 22: Received non-IO message from client: org.gradle.launcher.daemon.protocol.Finished@1933ee3d
2023-06-13T14:05:09.870-0500 [DEBUG] [org.gradle.launcher.daemon.server.DefaultIncomingConnectionHandler] Received finished message: org.gradle.launcher.daemon.protocol.Finished@1933ee3d
2023-06-13T14:05:09.870-0500 [DEBUG] [org.gradle.launcher.daemon.server.SynchronizedDispatchConnection] thread 21: stopping connection
2023-06-13T14:05:09.870-0500 [DEBUG] [org.gradle.internal.remote.internal.inet.SocketConnection] Discarding EOFException: java.io.EOFException
2023-06-13T14:05:09.871-0500 [DEBUG] [org.gradle.launcher.daemon.server.SynchronizedDispatchConnection] thread 22: received null
2023-06-13T14:05:09.871-0500 [DEBUG] [org.gradle.launcher.daemon.server.DefaultDaemonConnection] thread 22: Received end-of-input from client.
2023-06-13T14:05:09.873-0500 [DEBUG] [org.gradle.launcher.daemon.server.SynchronizedDispatchConnection] thread 21: stopping connection
2023-06-13T14:05:14.741-0500 [DEBUG] [org.gradle.cache.internal.DefaultFileLockManager] Waiting to acquire shared lock on daemon addresses registry.
2023-06-13T14:05:14.741-0500 [DEBUG] [org.gradle.cache.internal.DefaultFileLockManager] Lock acquired on daemon addresses registry.
2023-06-13T14:05:14.743-0500 [DEBUG] [org.gradle.cache.internal.DefaultFileLockManager] Releasing lock on daemon addresses registry.
2023-06-13T14:05:14.746-0500 [DEBUG] [org.gradle.cache.internal.DefaultFileLockManager] Waiting to acquire shared lock on daemon addresses registry.
2023-06-13T14:05:14.746-0500 [DEBUG] [org.gradle.cache.internal.DefaultFileLockManager] Lock acquired on daemon addresses registry.
2023-06-13T14:05:14.748-0500 [DEBUG] [org.gradle.cache.internal.DefaultFileLockManager] Releasing lock on daemon addresses registry.
2023-06-13T14:05:24.743-0500 [DEBUG] [org.gradle.cache.internal.DefaultFileLockManager] Waiting to acquire shared lock on daemon addresses registry.
2023-06-13T14:05:24.743-0500 [DEBUG] [org.gradle.cache.internal.DefaultFileLockManager] Lock acquired on daemon addresses registry.
2023-06-13T14:05:24.745-0500 [DEBUG] [org.gradle.cache.internal.DefaultFileLockManager] Releasing lock on daemon addresses registry.
2023-06-13T14:05:24.748-0500 [DEBUG] [org.gradle.cache.internal.DefaultFileLockManager] Waiting to acquire shared lock on daemon addresses registry.
2023-06-13T14:05:24.750-0500 [DEBUG] [org.gradle.cache.internal.DefaultFileLockManager] Lock acquired on daemon addresses registry.
2023-06-13T14:05:24.753-0500 [DEBUG] [org.gradle.cache.internal.DefaultFileLockManager] Releasing lock on daemon addresses registry.
2023-06-13T14:05:24.757-0500 [DEBUG] [org.gradle.cache.internal.DefaultFileLockManager] Waiting to acquire shared lock on daemon addresses registry.
2023-06-13T14:05:24.757-0500 [DEBUG] [org.gradle.cache.internal.DefaultFileLockManager] Lock acquired on daemon addresses registry.
2023-06-13T14:05:24.758-0500 [DEBUG] [org.gradle.cache.internal.DefaultFileLockManager] Releasing lock on daemon addresses registry.
2023-06-13T14:05:25.345-0500 [DEBUG] [org.gradle.internal.remote.internal.inet.TcpIncomingConnector] Accepted connection from /127.0.0.1:60803 to /127.0.0.1:60754.
2023-06-13T14:05:25.362-0500 [DEBUG] [org.gradle.launcher.daemon.server.SynchronizedDispatchConnection] thread 165: received class org.gradle.launcher.daemon.protocol.StopWhenIdle
2023-06-13T14:05:25.362-0500 [DEBUG] [org.gradle.launcher.daemon.server.DefaultDaemonConnection] thread 165: Received non-IO message from client: StopWhenIdle[id=eeb3ec1e-8088-42b8-b5f9-c5f80e635e6c]
2023-06-13T14:05:25.362-0500 [INFO] [org.gradle.launcher.daemon.server.DefaultIncomingConnectionHandler] Received command: StopWhenIdle[id=eeb3ec1e-8088-42b8-b5f9-c5f80e635e6c].
2023-06-13T14:05:25.362-0500 [DEBUG] [org.gradle.launcher.daemon.server.DefaultIncomingConnectionHandler] Starting executing command: StopWhenIdle[id=eeb3ec1e-8088-42b8-b5f9-c5f80e635e6c] with connection: socket connection from /127.0.0.1:60754 to /127.0.0.1:60803.
2023-06-13T14:05:25.363-0500 [DEBUG] [org.gradle.launcher.daemon.server.DaemonRegistryUpdater] Storing daemon stop event: stop command received
2023-06-13T14:05:25.363-0500 [DEBUG] [org.gradle.launcher.daemon.registry.PersistentDaemonRegistry] Storing daemon stop event with timestamp 1686683125364
2023-06-13T14:05:25.366-0500 [DEBUG] [org.gradle.cache.internal.DefaultFileLockManager] Waiting to acquire exclusive lock on daemon addresses registry.
2023-06-13T14:05:25.366-0500 [DEBUG] [org.gradle.cache.internal.DefaultFileLockManager] Lock acquired on daemon addresses registry.
2023-06-13T14:05:25.369-0500 [DEBUG] [org.gradle.cache.internal.DefaultFileLockManager] Releasing lock on daemon addresses registry.
2023-06-13T14:05:25.370-0500 [LIFECYCLE] [org.gradle.launcher.daemon.server.DaemonStateCoordinator] Daemon will be stopped at the end of the build stop command received
2023-06-13T14:05:25.370-0500 [DEBUG] [org.gradle.launcher.daemon.server.DaemonStateCoordinator] Marking daemon stopped due to stop command received. The daemon is running a build: false
2023-06-13T14:05:25.370-0500 [DEBUG] [org.gradle.launcher.daemon.server.DaemonStateCoordinator] daemon has stopped.
2023-06-13T14:05:25.370-0500 [DEBUG] [org.gradle.launcher.daemon.server.SynchronizedDispatchConnection] thread 21: dispatching Success[value=null]
2023-06-13T14:05:25.370-0500 [DEBUG] [org.gradle.launcher.daemon.server.Daemon] stop() called on daemon
2023-06-13T14:05:25.372-0500 [INFO] [org.gradle.launcher.daemon.server.Daemon] Stop requested. Daemon is removing its presence from the registry...
2023-06-13T14:05:25.372-0500 [DEBUG] [org.gradle.launcher.daemon.server.DaemonRegistryUpdater] Removing our presence to clients, eg. removing this address from the registry: [c21efc69-a712-47b6-88cd-1de212eeba6d port:60754, addresses:[localhost/127.0.0.1]]
2023-06-13T14:05:25.373-0500 [DEBUG] [org.gradle.launcher.daemon.registry.PersistentDaemonRegistry] Removing daemon address: [c21efc69-a712-47b6-88cd-1de212eeba6d port:60754, addresses:[localhost/127.0.0.1]]
2023-06-13T14:05:25.372-0500 [DEBUG] [org.gradle.launcher.daemon.server.DefaultIncomingConnectionHandler] Finishing executing command: StopWhenIdle[id=eeb3ec1e-8088-42b8-b5f9-c5f80e635e6c]
2023-06-13T14:05:25.371-0500 [DEBUG] [org.gradle.launcher.daemon.server.SynchronizedDispatchConnection] thread 165: received class org.gradle.launcher.daemon.protocol.Finished
2023-06-13T14:05:25.373-0500 [DEBUG] [org.gradle.launcher.daemon.server.DefaultDaemonConnection] thread 165: Received non-IO message from client: org.gradle.launcher.daemon.protocol.Finished@1bdde49e
2023-06-13T14:05:25.374-0500 [DEBUG] [org.gradle.launcher.daemon.server.DefaultIncomingConnectionHandler] Received finished message: org.gradle.launcher.daemon.protocol.Finished@1bdde49e
2023-06-13T14:05:25.374-0500 [DEBUG] [org.gradle.internal.remote.internal.inet.SocketConnection] Discarding EOFException: java.io.EOFException
2023-06-13T14:05:25.374-0500 [DEBUG] [org.gradle.launcher.daemon.server.SynchronizedDispatchConnection] thread 21: stopping connection
2023-06-13T14:05:25.374-0500 [DEBUG] [org.gradle.launcher.daemon.server.SynchronizedDispatchConnection] thread 165: received null
2023-06-13T14:05:25.374-0500 [DEBUG] [org.gradle.launcher.daemon.server.DefaultDaemonConnection] thread 165: Received end-of-input from client.
2023-06-13T14:05:25.375-0500 [DEBUG] [org.gradle.launcher.daemon.server.SynchronizedDispatchConnection] thread 21: stopping connection
2023-06-13T14:05:25.376-0500 [DEBUG] [org.gradle.cache.internal.DefaultFileLockManager] Waiting to acquire exclusive lock on daemon addresses registry.
2023-06-13T14:05:25.376-0500 [DEBUG] [org.gradle.cache.internal.DefaultFileLockManager] Lock acquired on daemon addresses registry.
2023-06-13T14:05:25.379-0500 [DEBUG] [org.gradle.cache.internal.DefaultFileLockManager] Releasing lock on daemon addresses registry.
2023-06-13T14:05:25.382-0500 [DEBUG] [org.gradle.launcher.daemon.server.DaemonRegistryUpdater] Address removed from registry.
2023-06-13T14:05:25.386-0500 [DEBUG] [org.gradle.cache.internal.LockOnDemandCrossProcessCacheAccess] Releasing file lock for jars (C:\Users\tunei\AndroidStudioProjects\ICS342-MobileApplicationDevelopment-Labs\caches\jars-9)
2023-06-13T14:05:25.387-0500 [DEBUG] [org.gradle.cache.internal.DefaultFileLockManager] Releasing lock on jars (C:\Users\tunei\AndroidStudioProjects\ICS342-MobileApplicationDevelopment-Labs\caches\jars-9).
2023-06-13T14:05:25.388-0500 [DEBUG] [org.gradle.cache.internal.DefaultPersistentDirectoryStore] jars (C:\Users\tunei\AndroidStudioProjects\ICS342-MobileApplicationDevelopment-Labs\caches\jars-9) has last been fully cleaned up 1 hours ago
2023-06-13T14:05:25.389-0500 [DEBUG] [org.gradle.cache.internal.LockOnDemandCrossProcessCacheAccess] Releasing file lock for Artifact transforms cache (C:\Users\tunei\AndroidStudioProjects\ICS342-MobileApplicationDevelopment-Labs\caches\transforms-3)
2023-06-13T14:05:25.389-0500 [DEBUG] [org.gradle.cache.internal.DefaultFileLockManager] Releasing lock on Artifact transforms cache (C:\Users\tunei\AndroidStudioProjects\ICS342-MobileApplicationDevelopment-Labs\caches\transforms-3).
2023-06-13T14:05:25.390-0500 [DEBUG] [org.gradle.cache.internal.DefaultPersistentDirectoryStore] Artifact transforms cache (C:\Users\tunei\AndroidStudioProjects\ICS342-MobileApplicationDevelopment-Labs\caches\transforms-3) has last been fully cleaned up 1 hours ago
2023-06-13T14:05:25.394-0500 [DEBUG] [org.gradle.cache.internal.LockOnDemandCrossProcessCacheAccess] Releasing file lock for file content cache (C:\Users\tunei\AndroidStudioProjects\ICS342-MobileApplicationDevelopment-Labs\caches\8.0\fileContent)
2023-06-13T14:05:25.394-0500 [DEBUG] [org.gradle.cache.internal.DefaultFileLockManager] Releasing lock on file content cache (C:\Users\tunei\AndroidStudioProjects\ICS342-MobileApplicationDevelopment-Labs\caches\8.0\fileContent).
2023-06-13T14:05:25.395-0500 [DEBUG] [org.gradle.internal.watch.vfs.impl.WatchingVirtualFileSystem] Closing VFS, dropping state
2023-06-13T14:05:25.396-0500 [DEBUG] [org.gradle.cache.internal.DefaultCacheAccess] Cache Generated Gradle JARs cache (C:\Users\tunei\AndroidStudioProjects\ICS342-MobileApplicationDevelopment-Labs\caches\8.0\generated-gradle-jars) was closed 0 times.
2023-06-13T14:05:25.397-0500 [DEBUG] [org.gradle.internal.watch.registry.impl.DefaultFileWatcherRegistry] Finished listening to file system change events
2023-06-13T14:05:25.397-0500 [DEBUG] [org.gradle.cache.internal.LockOnDemandCrossProcessCacheAccess] Releasing file lock for artifact cache (C:\Users\tunei\AndroidStudioProjects\ICS342-MobileApplicationDevelopment-Labs\caches\modules-2)
2023-06-13T14:05:25.398-0500 [DEBUG] [org.gradle.cache.internal.btree.BTreePersistentIndexedCache] Closing cache module-metadata.bin (C:\Users\tunei\AndroidStudioProjects\ICS342-MobileApplicationDevelopment-Labs\caches\modules-2\metadata-2.100\module-metadata.bin)
2023-06-13T14:05:25.398-0500 [DEBUG] [org.gradle.cache.internal.btree.BTreePersistentIndexedCache] Closing cache module-artifact.bin (C:\Users\tunei\AndroidStudioProjects\ICS342-MobileApplicationDevelopment-Labs\caches\modules-2\metadata-2.100\module-artifact.bin)
2023-06-13T14:05:25.398-0500 [DEBUG] [org.gradle.cache.internal.DefaultFileLockManager] Releasing lock on artifact cache (C:\Users\tunei\AndroidStudioProjects\ICS342-MobileApplicationDevelopment-Labs\caches\modules-2).
2023-06-13T14:05:25.399-0500 [DEBUG] [org.gradle.cache.internal.DefaultPersistentDirectoryStore] artifact cache (C:\Users\tunei\AndroidStudioProjects\ICS342-MobileApplicationDevelopment-Labs\caches\modules-2) has last been fully cleaned up 1 hours ago
2023-06-13T14:05:25.402-0500 [DEBUG] [org.gradle.cache.internal.LockOnDemandCrossProcessCacheAccess] Releasing file lock for journal cache (C:\Users\tunei\AndroidStudioProjects\ICS342-MobileApplicationDevelopment-Labs\caches\journal-1)
2023-06-13T14:05:25.402-0500 [DEBUG] [org.gradle.cache.internal.btree.BTreePersistentIndexedCache] Closing cache file-access.bin (C:\Users\tunei\AndroidStudioProjects\ICS342-MobileApplicationDevelopment-Labs\caches\journal-1\file-access.bin)
2023-06-13T14:05:25.403-0500 [DEBUG] [org.gradle.cache.internal.DefaultFileLockManager] Releasing lock on journal cache (C:\Users\tunei\AndroidStudioProjects\ICS342-MobileApplicationDevelopment-Labs\caches\journal-1).
2023-06-13T14:05:25.404-0500 [DEBUG] [org.gradle.cache.internal.LockOnDemandCrossProcessCacheAccess] Releasing file lock for file hash cache (C:\Users\tunei\AndroidStudioProjects\ICS342-MobileApplicationDevelopment-Labs\caches\8.0\fileHashes)
2023-06-13T14:05:25.404-0500 [DEBUG] [org.gradle.cache.internal.btree.BTreePersistentIndexedCache] Closing cache fileHashes.bin (C:\Users\tunei\AndroidStudioProjects\ICS342-MobileApplicationDevelopment-Labs\caches\8.0\fileHashes\fileHashes.bin)
2023-06-13T14:05:25.404-0500 [DEBUG] [org.gradle.cache.internal.btree.BTreePersistentIndexedCache] Closing cache resourceHashesCache.bin (C:\Users\tunei\AndroidStudioProjects\ICS342-MobileApplicationDevelopment-Labs\caches\8.0\fileHashes\resourceHashesCache.bin)
2023-06-13T14:05:25.405-0500 [DEBUG] [org.gradle.cache.internal.DefaultFileLockManager] Releasing lock on file hash cache (C:\Users\tunei\AndroidStudioProjects\ICS342-MobileApplicationDevelopment-Labs\caches\8.0\fileHashes).
2023-06-13T14:05:25.406-0500 [DEBUG] [org.gradle.cache.internal.LockOnDemandCrossProcessCacheAccess] Releasing file lock for execution history cache (C:\Users\tunei\AndroidStudioProjects\ICS342-MobileApplicationDevelopment-Labs\caches\8.0\executionHistory)
2023-06-13T14:05:25.406-0500 [DEBUG] [org.gradle.cache.internal.btree.BTreePersistentIndexedCache] Closing cache executionHistory.bin (C:\Users\tunei\AndroidStudioProjects\ICS342-MobileApplicationDevelopment-Labs\caches\8.0\executionHistory\executionHistory.bin)
2023-06-13T14:05:25.406-0500 [DEBUG] [org.gradle.cache.internal.DefaultFileLockManager] Releasing lock on execution history cache (C:\Users\tunei\AndroidStudioProjects\ICS342-MobileApplicationDevelopment-Labs\caches\8.0\executionHistory).
Daemon vm is shutting down... The daemon has exited normally or was terminated in response to a user interrupt.
2023-06-13T14:05:25.410-0500 [DEBUG] [org.gradle.launcher.daemon.registry.PersistentDaemonRegistry] Removing daemon address: [c21efc69-a712-47b6-88cd-1de212eeba6d port:60754, addresses:[localhost/127.0.0.1]]
2023-06-13T14:05:25.413-0500 [DEBUG] [org.gradle.cache.internal.DefaultFileLockManager] Waiting to acquire exclusive lock on daemon addresses registry.
2023-06-13T14:05:25.414-0500 [DEBUG] [org.gradle.cache.internal.DefaultFileLockManager] Lock acquired on daemon addresses registry.
2023-06-13T14:05:25.416-0500 [DEBUG] [org.gradle.cache.internal.DefaultFileLockManager] Releasing lock on daemon addresses registry.
