2023-06-18T13:44:09.430-0500 [DEBUG] [org.gradle.launcher.daemon.bootstrap.DaemonMain] Assuming the daemon was started with following jvm opts: [--add-opens=java.base/java.util=ALL-UNNAMED, --add-opens=java.base/java.lang=ALL-UNNAMED, --add-opens=java.base/java.lang.invoke=ALL-UNNAMED, --add-opens=java.prefs/java.util.prefs=ALL-UNNAMED, --add-opens=java.base/java.nio.charset=ALL-UNNAMED, --add-opens=java.base/java.net=ALL-UNNAMED, --add-opens=java.base/java.util.concurrent.atomic=ALL-UNNAMED, -Xmx2048m, -Dfile.encoding=UTF-8, -Duser.country=US, -Duser.language=en, -Duser.variant]
2023-06-18T13:44:09.621-0500 [DEBUG] [org.gradle.internal.nativeintegration.services.NativeServices] Native-platform posix files integration is not available. Continuing with fallback.
2023-06-18T13:44:09.636-0500 [INFO] [org.gradle.launcher.daemon.server.Daemon] start() called on daemon - DefaultDaemonContext[uid=eb1158ef-39c3-4ec6-a168-42a3d58e86bf,javaHome=C:\Program Files\Java\jdk-17.0.2,daemonRegistryDir=C:\Users\tunei\AndroidStudioProjects\ICS342-MobileApplicationDevelopment-Labs\daemon,pid=18496,idleTimeout=10800000,priority=NORMAL,daemonOpts=--add-opens=java.base/java.util=ALL-UNNAMED,--add-opens=java.base/java.lang=ALL-UNNAMED,--add-opens=java.base/java.lang.invoke=ALL-UNNAMED,--add-opens=java.prefs/java.util.prefs=ALL-UNNAMED,--add-opens=java.base/java.nio.charset=ALL-UNNAMED,--add-opens=java.base/java.net=ALL-UNNAMED,--add-opens=java.base/java.util.concurrent.atomic=ALL-UNNAMED,-Xmx2048m,-Dfile.encoding=UTF-8,-Duser.country=US,-Duser.language=en,-Duser.variant]
2023-06-18T13:44:09.750-0500 [DEBUG] [org.gradle.internal.remote.internal.inet.InetAddresses] Adding IP addresses for network interface Software Loopback Interface 1
2023-06-18T13:44:09.753-0500 [DEBUG] [org.gradle.internal.remote.internal.inet.InetAddresses] Is this a loopback interface? true
2023-06-18T13:44:09.753-0500 [DEBUG] [org.gradle.internal.remote.internal.inet.InetAddresses] Adding loopback address /127.0.0.1
2023-06-18T13:44:09.753-0500 [DEBUG] [org.gradle.internal.remote.internal.inet.InetAddresses] Adding loopback address /0:0:0:0:0:0:0:1
2023-06-18T13:44:09.754-0500 [DEBUG] [org.gradle.internal.remote.internal.inet.InetAddresses] Adding IP addresses for network interface WAN Miniport (IKEv2)
2023-06-18T13:44:09.757-0500 [DEBUG] [org.gradle.internal.remote.internal.inet.InetAddresses] Is this a loopback interface? false
2023-06-18T13:44:09.757-0500 [DEBUG] [org.gradle.internal.remote.internal.inet.InetAddresses] Adding IP addresses for network interface WAN Miniport (IP)
2023-06-18T13:44:09.759-0500 [DEBUG] [org.gradle.internal.remote.internal.inet.InetAddresses] Is this a loopback interface? false
2023-06-18T13:44:09.759-0500 [DEBUG] [org.gradle.internal.remote.internal.inet.InetAddresses] Adding IP addresses for network interface Microsoft 6to4 Adapter
2023-06-18T13:44:09.761-0500 [DEBUG] [org.gradle.internal.remote.internal.inet.InetAddresses] Is this a loopback interface? false
2023-06-18T13:44:09.762-0500 [DEBUG] [org.gradle.internal.remote.internal.inet.InetAddresses] Adding IP addresses for network interface WAN Miniport (SSTP)
2023-06-18T13:44:09.764-0500 [DEBUG] [org.gradle.internal.remote.internal.inet.InetAddresses] Is this a loopback interface? false
2023-06-18T13:44:09.764-0500 [DEBUG] [org.gradle.internal.remote.internal.inet.InetAddresses] Adding IP addresses for network interface Realtek PCIe FE Family Controller
2023-06-18T13:44:09.766-0500 [DEBUG] [org.gradle.internal.remote.internal.inet.InetAddresses] Is this a loopback interface? false
2023-06-18T13:44:09.766-0500 [DEBUG] [org.gradle.internal.remote.internal.inet.InetAddresses] Adding remote address /fe80:0:0:0:c3ab:41cb:daba:cf98%eth1
2023-06-18T13:44:09.766-0500 [DEBUG] [org.gradle.internal.remote.internal.inet.InetAddresses] Adding IP addresses for network interface WAN Miniport (IPv6)
2023-06-18T13:44:09.768-0500 [DEBUG] [org.gradle.internal.remote.internal.inet.InetAddresses] Is this a loopback interface? false
2023-06-18T13:44:09.769-0500 [DEBUG] [org.gradle.internal.remote.internal.inet.InetAddresses] Adding IP addresses for network interface Microsoft IP-HTTPS Platform Adapter
2023-06-18T13:44:09.771-0500 [DEBUG] [org.gradle.internal.remote.internal.inet.InetAddresses] Is this a loopback interface? false
2023-06-18T13:44:09.771-0500 [DEBUG] [org.gradle.internal.remote.internal.inet.InetAddresses] Adding IP addresses for network interface WAN Miniport (Network Monitor)
2023-06-18T13:44:09.773-0500 [DEBUG] [org.gradle.internal.remote.internal.inet.InetAddresses] Is this a loopback interface? false
2023-06-18T13:44:09.773-0500 [DEBUG] [org.gradle.internal.remote.internal.inet.InetAddresses] Adding IP addresses for network interface Microsoft Kernel Debug Network Adapter
2023-06-18T13:44:09.775-0500 [DEBUG] [org.gradle.internal.remote.internal.inet.InetAddresses] Is this a loopback interface? false
2023-06-18T13:44:09.775-0500 [DEBUG] [org.gradle.internal.remote.internal.inet.InetAddresses] Adding IP addresses for network interface Bluetooth Device (Personal Area Network)
2023-06-18T13:44:09.777-0500 [DEBUG] [org.gradle.internal.remote.internal.inet.InetAddresses] Is this a loopback interface? false
2023-06-18T13:44:09.778-0500 [DEBUG] [org.gradle.internal.remote.internal.inet.InetAddresses] Adding IP addresses for network interface Microsoft Wi-Fi Direct Virtual Adapter
2023-06-18T13:44:09.781-0500 [DEBUG] [org.gradle.internal.remote.internal.inet.InetAddresses] Is this a loopback interface? false
2023-06-18T13:44:09.781-0500 [DEBUG] [org.gradle.internal.remote.internal.inet.InetAddresses] Adding remote address /fe80:0:0:0:9518:beec:660b:8dce%wlan0
2023-06-18T13:44:09.781-0500 [DEBUG] [org.gradle.internal.remote.internal.inet.InetAddresses] Adding IP addresses for network interface Microsoft Teredo Tunneling Adapter
2023-06-18T13:44:09.784-0500 [DEBUG] [org.gradle.internal.remote.internal.inet.InetAddresses] Is this a loopback interface? false
2023-06-18T13:44:09.784-0500 [DEBUG] [org.gradle.internal.remote.internal.inet.InetAddresses] Adding IP addresses for network interface WAN Miniport (PPTP)
2023-06-18T13:44:09.786-0500 [DEBUG] [org.gradle.internal.remote.internal.inet.InetAddresses] Is this a loopback interface? false
2023-06-18T13:44:09.786-0500 [DEBUG] [org.gradle.internal.remote.internal.inet.InetAddresses] Adding IP addresses for network interface Qualcomm QCA9377 802.11ac Wireless Adapter
2023-06-18T13:44:09.788-0500 [DEBUG] [org.gradle.internal.remote.internal.inet.InetAddresses] Is this a loopback interface? false
2023-06-18T13:44:09.789-0500 [DEBUG] [org.gradle.internal.remote.internal.inet.InetAddresses] Adding remote address /192.168.0.6
2023-06-18T13:44:09.789-0500 [DEBUG] [org.gradle.internal.remote.internal.inet.InetAddresses] Adding remote address /2601:446:8101:6cb0:401b:5e08:7539:cf8f
2023-06-18T13:44:09.789-0500 [DEBUG] [org.gradle.internal.remote.internal.inet.InetAddresses] Adding remote address /2601:446:8101:6cb0:fc34:2ed0:496f:77ec
2023-06-18T13:44:09.789-0500 [DEBUG] [org.gradle.internal.remote.internal.inet.InetAddresses] Adding remote address /fe80:0:0:0:353d:c9ed:df2b:f192%wlan1
2023-06-18T13:44:09.789-0500 [DEBUG] [org.gradle.internal.remote.internal.inet.InetAddresses] Adding IP addresses for network interface WAN Miniport (PPPOE)
2023-06-18T13:44:09.791-0500 [DEBUG] [org.gradle.internal.remote.internal.inet.InetAddresses] Is this a loopback interface? false
2023-06-18T13:44:09.792-0500 [DEBUG] [org.gradle.internal.remote.internal.inet.InetAddresses] Adding IP addresses for network interface WAN Miniport (L2TP)
2023-06-18T13:44:09.795-0500 [DEBUG] [org.gradle.internal.remote.internal.inet.InetAddresses] Is this a loopback interface? false
2023-06-18T13:44:09.795-0500 [DEBUG] [org.gradle.internal.remote.internal.inet.InetAddresses] Adding IP addresses for network interface Microsoft Wi-Fi Direct Virtual Adapter #2
2023-06-18T13:44:09.797-0500 [DEBUG] [org.gradle.internal.remote.internal.inet.InetAddresses] Is this a loopback interface? false
2023-06-18T13:44:09.797-0500 [DEBUG] [org.gradle.internal.remote.internal.inet.InetAddresses] Adding remote address /fe80:0:0:0:e0ac:fef:31a5:9a90%wlan2
2023-06-18T13:44:09.798-0500 [DEBUG] [org.gradle.internal.remote.internal.inet.InetAddresses] Adding IP addresses for network interface Realtek PCIe FE Family Controller-WFP Native MAC Layer LightWeight Filter-0000
2023-06-18T13:44:09.800-0500 [DEBUG] [org.gradle.internal.remote.internal.inet.InetAddresses] Is this a loopback interface? false
2023-06-18T13:44:09.800-0500 [DEBUG] [org.gradle.internal.remote.internal.inet.InetAddresses] Adding IP addresses for network interface Realtek PCIe FE Family Controller-Npcap Packet Driver (NPCAP)-0000
2023-06-18T13:44:09.802-0500 [DEBUG] [org.gradle.internal.remote.internal.inet.InetAddresses] Is this a loopback interface? false
2023-06-18T13:44:09.802-0500 [DEBUG] [org.gradle.internal.remote.internal.inet.InetAddresses] Adding IP addresses for network interface Realtek PCIe FE Family Controller-QoS Packet Scheduler-0000
2023-06-18T13:44:09.804-0500 [DEBUG] [org.gradle.internal.remote.internal.inet.InetAddresses] Is this a loopback interface? false
2023-06-18T13:44:09.805-0500 [DEBUG] [org.gradle.internal.remote.internal.inet.InetAddresses] Adding IP addresses for network interface Realtek PCIe FE Family Controller-WFP 802.3 MAC Layer LightWeight Filter-0000
2023-06-18T13:44:09.807-0500 [DEBUG] [org.gradle.internal.remote.internal.inet.InetAddresses] Is this a loopback interface? false
2023-06-18T13:44:09.807-0500 [DEBUG] [org.gradle.internal.remote.internal.inet.InetAddresses] Adding IP addresses for network interface Qualcomm QCA9377 802.11ac Wireless Adapter-WFP Native MAC Layer LightWeight Filter-0000
2023-06-18T13:44:09.809-0500 [DEBUG] [org.gradle.internal.remote.internal.inet.InetAddresses] Is this a loopback interface? false
2023-06-18T13:44:09.809-0500 [DEBUG] [org.gradle.internal.remote.internal.inet.InetAddresses] Adding IP addresses for network interface Qualcomm QCA9377 802.11ac Wireless Adapter-Virtual WiFi Filter Driver-0000
2023-06-18T13:44:09.811-0500 [DEBUG] [org.gradle.internal.remote.internal.inet.InetAddresses] Is this a loopback interface? false
2023-06-18T13:44:09.812-0500 [DEBUG] [org.gradle.internal.remote.internal.inet.InetAddresses] Adding IP addresses for network interface Qualcomm QCA9377 802.11ac Wireless Adapter-Native WiFi Filter Driver-0000
2023-06-18T13:44:09.815-0500 [DEBUG] [org.gradle.internal.remote.internal.inet.InetAddresses] Is this a loopback interface? false
2023-06-18T13:44:09.815-0500 [DEBUG] [org.gradle.internal.remote.internal.inet.InetAddresses] Adding IP addresses for network interface Qualcomm QCA9377 802.11ac Wireless Adapter-Npcap Packet Driver (NPCAP)-0000
2023-06-18T13:44:09.818-0500 [DEBUG] [org.gradle.internal.remote.internal.inet.InetAddresses] Is this a loopback interface? false
2023-06-18T13:44:09.818-0500 [DEBUG] [org.gradle.internal.remote.internal.inet.InetAddresses] Adding IP addresses for network interface Qualcomm QCA9377 802.11ac Wireless Adapter-QoS Packet Scheduler-0000
2023-06-18T13:44:09.820-0500 [DEBUG] [org.gradle.internal.remote.internal.inet.InetAddresses] Is this a loopback interface? false
2023-06-18T13:44:09.821-0500 [DEBUG] [org.gradle.internal.remote.internal.inet.InetAddresses] Adding IP addresses for network interface Qualcomm QCA9377 802.11ac Wireless Adapter-WFP 802.3 MAC Layer LightWeight Filter-0000
2023-06-18T13:44:09.823-0500 [DEBUG] [org.gradle.internal.remote.internal.inet.InetAddresses] Is this a loopback interface? false
2023-06-18T13:44:09.823-0500 [DEBUG] [org.gradle.internal.remote.internal.inet.InetAddresses] Adding IP addresses for network interface Microsoft Wi-Fi Direct Virtual Adapter-WFP Native MAC Layer LightWeight Filter-0000
2023-06-18T13:44:09.825-0500 [DEBUG] [org.gradle.internal.remote.internal.inet.InetAddresses] Is this a loopback interface? false
2023-06-18T13:44:09.826-0500 [DEBUG] [org.gradle.internal.remote.internal.inet.InetAddresses] Adding IP addresses for network interface Microsoft Wi-Fi Direct Virtual Adapter-Native WiFi Filter Driver-0000
2023-06-18T13:44:09.828-0500 [DEBUG] [org.gradle.internal.remote.internal.inet.InetAddresses] Is this a loopback interface? false
2023-06-18T13:44:09.828-0500 [DEBUG] [org.gradle.internal.remote.internal.inet.InetAddresses] Adding IP addresses for network interface Microsoft Wi-Fi Direct Virtual Adapter-Npcap Packet Driver (NPCAP)-0000
2023-06-18T13:44:09.830-0500 [DEBUG] [org.gradle.internal.remote.internal.inet.InetAddresses] Is this a loopback interface? false
2023-06-18T13:44:09.831-0500 [DEBUG] [org.gradle.internal.remote.internal.inet.InetAddresses] Adding IP addresses for network interface Microsoft Wi-Fi Direct Virtual Adapter-QoS Packet Scheduler-0000
2023-06-18T13:44:09.833-0500 [DEBUG] [org.gradle.internal.remote.internal.inet.InetAddresses] Is this a loopback interface? false
2023-06-18T13:44:09.833-0500 [DEBUG] [org.gradle.internal.remote.internal.inet.InetAddresses] Adding IP addresses for network interface Microsoft Wi-Fi Direct Virtual Adapter-WFP 802.3 MAC Layer LightWeight Filter-0000
2023-06-18T13:44:09.835-0500 [DEBUG] [org.gradle.internal.remote.internal.inet.InetAddresses] Is this a loopback interface? false
2023-06-18T13:44:09.835-0500 [DEBUG] [org.gradle.internal.remote.internal.inet.InetAddresses] Adding IP addresses for network interface WAN Miniport (IP)-WFP Native MAC Layer LightWeight Filter-0000
2023-06-18T13:44:09.837-0500 [DEBUG] [org.gradle.internal.remote.internal.inet.InetAddresses] Is this a loopback interface? false
2023-06-18T13:44:09.838-0500 [DEBUG] [org.gradle.internal.remote.internal.inet.InetAddresses] Adding IP addresses for network interface WAN Miniport (IP)-Npcap Packet Driver (NPCAP)-0000
2023-06-18T13:44:09.840-0500 [DEBUG] [org.gradle.internal.remote.internal.inet.InetAddresses] Is this a loopback interface? false
2023-06-18T13:44:09.841-0500 [DEBUG] [org.gradle.internal.remote.internal.inet.InetAddresses] Adding IP addresses for network interface WAN Miniport (IP)-QoS Packet Scheduler-0000
2023-06-18T13:44:09.844-0500 [DEBUG] [org.gradle.internal.remote.internal.inet.InetAddresses] Is this a loopback interface? false
2023-06-18T13:44:09.844-0500 [DEBUG] [org.gradle.internal.remote.internal.inet.InetAddresses] Adding IP addresses for network interface WAN Miniport (IPv6)-WFP Native MAC Layer LightWeight Filter-0000
2023-06-18T13:44:09.847-0500 [DEBUG] [org.gradle.internal.remote.internal.inet.InetAddresses] Is this a loopback interface? false
2023-06-18T13:44:09.848-0500 [DEBUG] [org.gradle.internal.remote.internal.inet.InetAddresses] Adding IP addresses for network interface WAN Miniport (IPv6)-Npcap Packet Driver (NPCAP)-0000
2023-06-18T13:44:09.851-0500 [DEBUG] [org.gradle.internal.remote.internal.inet.InetAddresses] Is this a loopback interface? false
2023-06-18T13:44:09.851-0500 [DEBUG] [org.gradle.internal.remote.internal.inet.InetAddresses] Adding IP addresses for network interface WAN Miniport (IPv6)-QoS Packet Scheduler-0000
2023-06-18T13:44:09.853-0500 [DEBUG] [org.gradle.internal.remote.internal.inet.InetAddresses] Is this a loopback interface? false
2023-06-18T13:44:09.854-0500 [DEBUG] [org.gradle.internal.remote.internal.inet.InetAddresses] Adding IP addresses for network interface WAN Miniport (Network Monitor)-WFP Native MAC Layer LightWeight Filter-0000
2023-06-18T13:44:09.856-0500 [DEBUG] [org.gradle.internal.remote.internal.inet.InetAddresses] Is this a loopback interface? false
2023-06-18T13:44:09.857-0500 [DEBUG] [org.gradle.internal.remote.internal.inet.InetAddresses] Adding IP addresses for network interface WAN Miniport (Network Monitor)-Npcap Packet Driver (NPCAP)-0000
2023-06-18T13:44:09.859-0500 [DEBUG] [org.gradle.internal.remote.internal.inet.InetAddresses] Is this a loopback interface? false
2023-06-18T13:44:09.859-0500 [DEBUG] [org.gradle.internal.remote.internal.inet.InetAddresses] Adding IP addresses for network interface WAN Miniport (Network Monitor)-QoS Packet Scheduler-0000
2023-06-18T13:44:09.862-0500 [DEBUG] [org.gradle.internal.remote.internal.inet.InetAddresses] Is this a loopback interface? false
2023-06-18T13:44:09.862-0500 [DEBUG] [org.gradle.internal.remote.internal.inet.InetAddresses] Adding IP addresses for network interface Microsoft Wi-Fi Direct Virtual Adapter #2-WFP Native MAC Layer LightWeight Filter-0000
2023-06-18T13:44:09.864-0500 [DEBUG] [org.gradle.internal.remote.internal.inet.InetAddresses] Is this a loopback interface? false
2023-06-18T13:44:09.864-0500 [DEBUG] [org.gradle.internal.remote.internal.inet.InetAddresses] Adding IP addresses for network interface Microsoft Wi-Fi Direct Virtual Adapter #2-Native WiFi Filter Driver-0000
2023-06-18T13:44:09.866-0500 [DEBUG] [org.gradle.internal.remote.internal.inet.InetAddresses] Is this a loopback interface? false
2023-06-18T13:44:09.866-0500 [DEBUG] [org.gradle.internal.remote.internal.inet.InetAddresses] Adding IP addresses for network interface Microsoft Wi-Fi Direct Virtual Adapter #2-Npcap Packet Driver (NPCAP)-0000
2023-06-18T13:44:09.868-0500 [DEBUG] [org.gradle.internal.remote.internal.inet.InetAddresses] Is this a loopback interface? false
2023-06-18T13:44:09.868-0500 [DEBUG] [org.gradle.internal.remote.internal.inet.InetAddresses] Adding IP addresses for network interface Microsoft Wi-Fi Direct Virtual Adapter #2-QoS Packet Scheduler-0000
2023-06-18T13:44:09.871-0500 [DEBUG] [org.gradle.internal.remote.internal.inet.InetAddresses] Is this a loopback interface? false
2023-06-18T13:44:09.871-0500 [DEBUG] [org.gradle.internal.remote.internal.inet.InetAddresses] Adding IP addresses for network interface Microsoft Wi-Fi Direct Virtual Adapter #2-WFP 802.3 MAC Layer LightWeight Filter-0000
2023-06-18T13:44:09.874-0500 [DEBUG] [org.gradle.internal.remote.internal.inet.InetAddresses] Is this a loopback interface? false
2023-06-18T13:44:09.883-0500 [DEBUG] [org.gradle.internal.remote.internal.inet.TcpIncomingConnector] Listening on [6ee2e367-17de-436f-a201-860908ba743c port:50933, addresses:[localhost/127.0.0.1]].
2023-06-18T13:44:09.895-0500 [DEBUG] [org.gradle.launcher.daemon.server.Daemon] Daemon starting at: Sun Jun 18 13:44:09 CDT 2023, with address: [6ee2e367-17de-436f-a201-860908ba743c port:50933, addresses:[localhost/127.0.0.1]]
2023-06-18T13:44:09.895-0500 [INFO] [org.gradle.launcher.daemon.server.DaemonRegistryUpdater] Advertising the daemon address to the clients: [6ee2e367-17de-436f-a201-860908ba743c port:50933, addresses:[localhost/127.0.0.1]]
2023-06-18T13:44:09.895-0500 [DEBUG] [org.gradle.launcher.daemon.server.DaemonRegistryUpdater] Advertised daemon context: DefaultDaemonContext[uid=eb1158ef-39c3-4ec6-a168-42a3d58e86bf,javaHome=C:\Program Files\Java\jdk-17.0.2,daemonRegistryDir=C:\Users\tunei\AndroidStudioProjects\ICS342-MobileApplicationDevelopment-Labs\daemon,pid=18496,idleTimeout=10800000,priority=NORMAL,daemonOpts=--add-opens=java.base/java.util=ALL-UNNAMED,--add-opens=java.base/java.lang=ALL-UNNAMED,--add-opens=java.base/java.lang.invoke=ALL-UNNAMED,--add-opens=java.prefs/java.util.prefs=ALL-UNNAMED,--add-opens=java.base/java.nio.charset=ALL-UNNAMED,--add-opens=java.base/java.net=ALL-UNNAMED,--add-opens=java.base/java.util.concurrent.atomic=ALL-UNNAMED,-Xmx2048m,-Dfile.encoding=UTF-8,-Duser.country=US,-Duser.language=en,-Duser.variant]
2023-06-18T13:44:09.896-0500 [DEBUG] [org.gradle.launcher.daemon.registry.PersistentDaemonRegistry] Storing daemon address: [6ee2e367-17de-436f-a201-860908ba743c port:50933, addresses:[localhost/127.0.0.1]], context: DefaultDaemonContext[uid=eb1158ef-39c3-4ec6-a168-42a3d58e86bf,javaHome=C:\Program Files\Java\jdk-17.0.2,daemonRegistryDir=C:\Users\tunei\AndroidStudioProjects\ICS342-MobileApplicationDevelopment-Labs\daemon,pid=18496,idleTimeout=10800000,priority=NORMAL,daemonOpts=--add-opens=java.base/java.util=ALL-UNNAMED,--add-opens=java.base/java.lang=ALL-UNNAMED,--add-opens=java.base/java.lang.invoke=ALL-UNNAMED,--add-opens=java.prefs/java.util.prefs=ALL-UNNAMED,--add-opens=java.base/java.nio.charset=ALL-UNNAMED,--add-opens=java.base/java.net=ALL-UNNAMED,--add-opens=java.base/java.util.concurrent.atomic=ALL-UNNAMED,-Xmx2048m,-Dfile.encoding=UTF-8,-Duser.country=US,-Duser.language=en,-Duser.variant]
2023-06-18T13:44:09.913-0500 [DEBUG] [org.gradle.cache.internal.DefaultFileLockManager] Waiting to acquire exclusive lock on daemon addresses registry.
2023-06-18T13:44:09.919-0500 [DEBUG] [org.gradle.cache.internal.DefaultFileLockManager] Lock acquired on daemon addresses registry.
2023-06-18T13:44:09.926-0500 [DEBUG] [org.gradle.cache.internal.DefaultFileLockManager] Releasing lock on daemon addresses registry.
2023-06-18T13:44:09.927-0500 [LIFECYCLE] [org.gradle.launcher.daemon.server.Daemon] Daemon server started.
2023-06-18T13:44:09.928-0500 [DEBUG] [org.gradle.launcher.daemon.bootstrap.DaemonStartupCommunication] Completed writing the daemon greeting. Closing streams...
2023-06-18T13:44:09.935-0500 [DEBUG] [org.gradle.launcher.daemon.server.Daemon] stopOnExpiration() called on daemon
2023-06-18T13:44:09.936-0500 [DEBUG] [org.gradle.launcher.daemon.server.Daemon] awaitExpiration() called on daemon
2023-06-18T13:44:09.937-0500 [DEBUG] [org.gradle.launcher.daemon.server.DaemonStateCoordinator] daemon is running. Sleeping until state changes.
2023-06-18T13:44:09.941-0500 [DEBUG] [org.gradle.internal.remote.internal.inet.TcpIncomingConnector] Accepted connection from /127.0.0.1:50934 to /127.0.0.1:50933.
2023-06-18T13:44:10.020-0500 [DEBUG] [org.gradle.launcher.daemon.server.SynchronizedDispatchConnection] thread 22: received class org.gradle.launcher.daemon.protocol.Build
2023-06-18T13:44:10.020-0500 [DEBUG] [org.gradle.launcher.daemon.server.DefaultDaemonConnection] thread 22: Received non-IO message from client: Build{id=10df4a50-ab4e-4d85-918b-23cebb4972b0, currentDir=C:\Users\tunei\AndroidStudioProjects\MyWeatherApplication}
2023-06-18T13:44:10.020-0500 [INFO] [org.gradle.launcher.daemon.server.DefaultIncomingConnectionHandler] Received command: Build{id=10df4a50-ab4e-4d85-918b-23cebb4972b0, currentDir=C:\Users\tunei\AndroidStudioProjects\MyWeatherApplication}.
2023-06-18T13:44:10.020-0500 [DEBUG] [org.gradle.launcher.daemon.server.DefaultIncomingConnectionHandler] Starting executing command: Build{id=10df4a50-ab4e-4d85-918b-23cebb4972b0, currentDir=C:\Users\tunei\AndroidStudioProjects\MyWeatherApplication} with connection: socket connection from /127.0.0.1:50933 to /127.0.0.1:50934.
2023-06-18T13:44:10.022-0500 [DEBUG] [org.gradle.launcher.daemon.server.DaemonStateCoordinator] Command execution: started DaemonCommandExecution[command = Build{id=10df4a50-ab4e-4d85-918b-23cebb4972b0, currentDir=C:\Users\tunei\AndroidStudioProjects\MyWeatherApplication}, connection = DefaultDaemonConnection: socket connection from /127.0.0.1:50933 to /127.0.0.1:50934] after 0.0 minutes of idle
2023-06-18T13:44:10.023-0500 [INFO] [org.gradle.launcher.daemon.server.DaemonRegistryUpdater] Marking the daemon as busy, address: [6ee2e367-17de-436f-a201-860908ba743c port:50933, addresses:[localhost/127.0.0.1]]
2023-06-18T13:44:10.023-0500 [DEBUG] [org.gradle.launcher.daemon.registry.PersistentDaemonRegistry] Marking busy by address: [6ee2e367-17de-436f-a201-860908ba743c port:50933, addresses:[localhost/127.0.0.1]]
2023-06-18T13:44:10.024-0500 [DEBUG] [org.gradle.cache.internal.DefaultFileLockManager] Waiting to acquire exclusive lock on daemon addresses registry.
2023-06-18T13:44:10.025-0500 [DEBUG] [org.gradle.cache.internal.DefaultFileLockManager] Lock acquired on daemon addresses registry.
2023-06-18T13:44:10.026-0500 [DEBUG] [org.gradle.cache.internal.DefaultFileLockManager] Releasing lock on daemon addresses registry.
2023-06-18T13:44:10.026-0500 [DEBUG] [org.gradle.launcher.daemon.server.DaemonStateCoordinator] resetting idle timer
2023-06-18T13:44:10.027-0500 [DEBUG] [org.gradle.launcher.daemon.server.DaemonStateCoordinator] daemon is running. Sleeping until state changes.
2023-06-18T13:44:10.027-0500 [INFO] [org.gradle.launcher.daemon.server.exec.StartBuildOrRespondWithBusy] Daemon is about to start building Build{id=10df4a50-ab4e-4d85-918b-23cebb4972b0, currentDir=C:\Users\tunei\AndroidStudioProjects\MyWeatherApplication}. Dispatching build started information...
2023-06-18T13:44:10.027-0500 [DEBUG] [org.gradle.launcher.daemon.server.SynchronizedDispatchConnection] thread 24: dispatching org.gradle.launcher.daemon.protocol.BuildStarted@3e297f5e
2023-06-18T13:44:10.029-0500 [DEBUG] [org.gradle.launcher.daemon.server.exec.EstablishBuildEnvironment] Configuring env variables: [USERDOMAIN_ROAMINGPROFILE, LOCALAPPDATA, PROCESSOR_LEVEL, USERDOMAIN, LOGONSERVER, JAVA_HOME, SESSIONNAME, ALLUSERSPROFILE, PROCESSOR_ARCHITECTURE, PSModulePath, SystemDrive, OneDrive, APPDATA, USERNAME, ProgramFiles(x86), CommonProgramFiles, Path, PATHEXT, DriverData, OS, OneDriveConsumer, COMPUTERNAME, PROCESSOR_REVISION, CommonProgramW6432, ComSpec, ProgramData, GIT_LFS_PATH, ProgramW6432, TEMP, HOMEPATH, SystemRoot, PROCESSOR_IDENTIFIER, HOMEDRIVE, USERPROFILE, TMP, CommonProgramFiles(x86), ProgramFiles, PUBLIC, windir, NUMBER_OF_PROCESSORS, =::, IDEA_INITIAL_DIRECTORY, ZES_ENABLE_SYSMAN]
2023-06-18T13:44:10.031-0500 [DEBUG] [org.gradle.launcher.daemon.server.SynchronizedDispatchConnection] thread 22: received class org.gradle.launcher.daemon.protocol.CloseInput
2023-06-18T13:44:10.031-0500 [DEBUG] [org.gradle.launcher.daemon.server.DefaultDaemonConnection] thread 22: Received IO message from client: org.gradle.launcher.daemon.protocol.CloseInput@66b3f0f6
2023-06-18T13:44:10.038-0500 [DEBUG] [org.gradle.launcher.daemon.server.exec.LogToClient] About to start relaying all logs to the client via the connection.
2023-06-18T13:44:10.038-0500 [INFO] [org.gradle.launcher.daemon.server.exec.LogToClient] The client will now receive all logging from the daemon (pid: 18496). The daemon log file: C:\Users\tunei\AndroidStudioProjects\ICS342-MobileApplicationDevelopment-Labs\daemon\8.0\daemon-18496.out.log
2023-06-18T13:44:10.039-0500 [INFO] [org.gradle.launcher.daemon.server.exec.LogAndCheckHealth] Starting build in new daemon [memory: 2 GiB]
2023-06-18T13:44:10.040-0500 [INFO] [org.gradle.launcher.daemon.server.exec.ForwardClientInput] Closing daemon's stdin at end of input.
2023-06-18T13:44:10.041-0500 [INFO] [org.gradle.launcher.daemon.server.exec.ForwardClientInput] The daemon will no longer process any standard input.
2023-06-18T13:44:10.045-0500 [DEBUG] [org.gradle.launcher.daemon.server.exec.ExecuteBuild] The daemon has started executing the build.
2023-06-18T13:44:10.046-0500 [DEBUG] [org.gradle.launcher.daemon.server.exec.ExecuteBuild] Executing build with daemon context: DefaultDaemonContext[uid=eb1158ef-39c3-4ec6-a168-42a3d58e86bf,javaHome=C:\Program Files\Java\jdk-17.0.2,daemonRegistryDir=C:\Users\tunei\AndroidStudioProjects\ICS342-MobileApplicationDevelopment-Labs\daemon,pid=18496,idleTimeout=10800000,priority=NORMAL,daemonOpts=--add-opens=java.base/java.util=ALL-UNNAMED,--add-opens=java.base/java.lang=ALL-UNNAMED,--add-opens=java.base/java.lang.invoke=ALL-UNNAMED,--add-opens=java.prefs/java.util.prefs=ALL-UNNAMED,--add-opens=java.base/java.nio.charset=ALL-UNNAMED,--add-opens=java.base/java.net=ALL-UNNAMED,--add-opens=java.base/java.util.concurrent.atomic=ALL-UNNAMED,-Xmx2048m,-Dfile.encoding=UTF-8,-Duser.country=US,-Duser.language=en,-Duser.variant]
w: C:\Users\tunei\AndroidStudioProjects\MyWeatherApplication\app\src\main\java\com\example\myweatherapplication\MainActivity.kt: (61, 14): Parameter 'name' is never used
w: C:\Users\tunei\AndroidStudioProjects\MyWeatherApplication\app\src\main\java\com\example\myweatherapplication\MainActivity.kt: (61, 28): Parameter 'modifier' is never used

BUILD SUCCESSFUL in 49s
31 actionable tasks: 9 executed, 22 up-to-date
2023-06-18T13:44:57.699-0500 [DEBUG] [org.gradle.launcher.daemon.server.exec.ExecuteBuild] The daemon has finished executing the build.
2023-06-18T13:44:57.714-0500 [DEBUG] [org.gradle.launcher.daemon.server.DaemonStateCoordinator] daemon is running. Sleeping until state changes.
2023-06-18T13:44:57.715-0500 [DEBUG] [org.gradle.launcher.daemon.server.DaemonStateCoordinator] Command execution: finished waiting for DaemonCommandExecution[command = Build{id=10df4a50-ab4e-4d85-918b-23cebb4972b0, currentDir=C:\Users\tunei\AndroidStudioProjects\MyWeatherApplication}, connection = DefaultDaemonConnection: socket connection from /127.0.0.1:50933 to /127.0.0.1:50934]. Result org.gradle.launcher.daemon.server.DaemonStateCoordinator@7805d08c with state Busy
2023-06-18T13:44:57.716-0500 [DEBUG] [org.gradle.launcher.daemon.server.DaemonStateCoordinator] Command execution: completed DaemonCommandExecution[command = Build{id=10df4a50-ab4e-4d85-918b-23cebb4972b0, currentDir=C:\Users\tunei\AndroidStudioProjects\MyWeatherApplication}, connection = DefaultDaemonConnection: socket connection from /127.0.0.1:50933 to /127.0.0.1:50934]
2023-06-18T13:44:57.716-0500 [DEBUG] [org.gradle.launcher.daemon.server.DaemonStateCoordinator] resetting idle timer
2023-06-18T13:44:57.716-0500 [INFO] [org.gradle.launcher.daemon.server.DaemonRegistryUpdater] Marking the daemon as idle, address: [6ee2e367-17de-436f-a201-860908ba743c port:50933, addresses:[localhost/127.0.0.1]]
2023-06-18T13:44:57.717-0500 [DEBUG] [org.gradle.launcher.daemon.registry.PersistentDaemonRegistry] Marking busy by address: [6ee2e367-17de-436f-a201-860908ba743c port:50933, addresses:[localhost/127.0.0.1]]
2023-06-18T13:44:57.722-0500 [DEBUG] [org.gradle.cache.internal.DefaultFileLockManager] Waiting to acquire exclusive lock on daemon addresses registry.
2023-06-18T13:44:57.723-0500 [DEBUG] [org.gradle.cache.internal.DefaultFileLockManager] Lock acquired on daemon addresses registry.
2023-06-18T13:44:57.727-0500 [DEBUG] [org.gradle.cache.internal.DefaultFileLockManager] Releasing lock on daemon addresses registry.
2023-06-18T13:44:57.728-0500 [DEBUG] [org.gradle.launcher.daemon.server.DaemonStateCoordinator] daemon is running. Sleeping until state changes.
2023-06-18T13:44:57.728-0500 [DEBUG] [org.gradle.launcher.daemon.server.exec.ReturnResult] Daemon is dispatching the build result: Success[value=org.gradle.launcher.exec.BuildActionResult@3e800820]
2023-06-18T13:44:57.729-0500 [DEBUG] [org.gradle.launcher.daemon.server.SynchronizedDispatchConnection] thread 21: dispatching Success[value=org.gradle.launcher.exec.BuildActionResult@3e800820]
2023-06-18T13:44:57.730-0500 [DEBUG] [org.gradle.launcher.daemon.server.DefaultIncomingConnectionHandler] Finishing executing command: Build{id=10df4a50-ab4e-4d85-918b-23cebb4972b0, currentDir=C:\Users\tunei\AndroidStudioProjects\MyWeatherApplication}
2023-06-18T13:44:57.732-0500 [DEBUG] [org.gradle.launcher.daemon.server.SynchronizedDispatchConnection] thread 22: received class org.gradle.launcher.daemon.protocol.Finished
2023-06-18T13:44:57.733-0500 [DEBUG] [org.gradle.launcher.daemon.server.DefaultDaemonConnection] thread 22: Received non-IO message from client: org.gradle.launcher.daemon.protocol.Finished@23818ed3
2023-06-18T13:44:57.733-0500 [DEBUG] [org.gradle.launcher.daemon.server.DefaultIncomingConnectionHandler] Received finished message: org.gradle.launcher.daemon.protocol.Finished@23818ed3
2023-06-18T13:44:57.733-0500 [DEBUG] [org.gradle.launcher.daemon.server.SynchronizedDispatchConnection] thread 21: stopping connection
2023-06-18T13:44:57.734-0500 [DEBUG] [org.gradle.internal.remote.internal.inet.SocketConnection] Discarding EOFException: java.io.EOFException
2023-06-18T13:44:57.734-0500 [DEBUG] [org.gradle.launcher.daemon.server.SynchronizedDispatchConnection] thread 22: received null
2023-06-18T13:44:57.734-0500 [DEBUG] [org.gradle.launcher.daemon.server.DefaultDaemonConnection] thread 22: Received end-of-input from client.
2023-06-18T13:44:57.735-0500 [DEBUG] [org.gradle.launcher.daemon.server.SynchronizedDispatchConnection] thread 21: stopping connection
2023-06-18T13:44:59.715-0500 [DEBUG] [sun.rmi.transport.tcp] RMI Scheduler(0): close connection, socket: Socket[addr=localhost/127.0.0.1,port=17639,localport=50952]
2023-06-18T13:44:59.940-0500 [DEBUG] [org.gradle.cache.internal.DefaultFileLockManager] Waiting to acquire shared lock on daemon addresses registry.
2023-06-18T13:44:59.941-0500 [DEBUG] [org.gradle.cache.internal.DefaultFileLockManager] Lock acquired on daemon addresses registry.
2023-06-18T13:44:59.942-0500 [DEBUG] [org.gradle.cache.internal.DefaultFileLockManager] Releasing lock on daemon addresses registry.
2023-06-18T13:44:59.944-0500 [DEBUG] [org.gradle.cache.internal.DefaultFileLockManager] Waiting to acquire shared lock on daemon addresses registry.
2023-06-18T13:44:59.944-0500 [DEBUG] [org.gradle.cache.internal.DefaultFileLockManager] Lock acquired on daemon addresses registry.
2023-06-18T13:44:59.946-0500 [DEBUG] [org.gradle.cache.internal.DefaultFileLockManager] Releasing lock on daemon addresses registry.
2023-06-18T13:45:09.941-0500 [DEBUG] [org.gradle.cache.internal.DefaultFileLockManager] Waiting to acquire shared lock on daemon addresses registry.
2023-06-18T13:45:09.941-0500 [DEBUG] [org.gradle.cache.internal.DefaultFileLockManager] Lock acquired on daemon addresses registry.
2023-06-18T13:45:09.944-0500 [DEBUG] [org.gradle.cache.internal.DefaultFileLockManager] Releasing lock on daemon addresses registry.
2023-06-18T13:45:09.951-0500 [DEBUG] [org.gradle.cache.internal.DefaultFileLockManager] Waiting to acquire shared lock on daemon addresses registry.
2023-06-18T13:45:09.952-0500 [DEBUG] [org.gradle.cache.internal.DefaultFileLockManager] Lock acquired on daemon addresses registry.
2023-06-18T13:45:09.954-0500 [DEBUG] [org.gradle.cache.internal.DefaultFileLockManager] Releasing lock on daemon addresses registry.
2023-06-18T13:45:09.957-0500 [DEBUG] [org.gradle.cache.internal.DefaultFileLockManager] Waiting to acquire shared lock on daemon addresses registry.
2023-06-18T13:45:09.958-0500 [DEBUG] [org.gradle.cache.internal.DefaultFileLockManager] Lock acquired on daemon addresses registry.
2023-06-18T13:45:09.959-0500 [DEBUG] [org.gradle.cache.internal.DefaultFileLockManager] Releasing lock on daemon addresses registry.
2023-06-18T13:45:17.390-0500 [DEBUG] [org.gradle.internal.remote.internal.inet.TcpIncomingConnector] Accepted connection from /127.0.0.1:51065 to /127.0.0.1:50933.
2023-06-18T13:45:17.409-0500 [DEBUG] [org.gradle.launcher.daemon.server.SynchronizedDispatchConnection] thread 168: received class org.gradle.launcher.daemon.protocol.Build
2023-06-18T13:45:17.410-0500 [DEBUG] [org.gradle.launcher.daemon.server.DefaultDaemonConnection] thread 168: Received non-IO message from client: Build{id=10b71a60-3d37-4159-a0b5-dd77071d242a, currentDir=C:\Users\tunei\AndroidStudioProjects\MyWeatherApplication}
2023-06-18T13:45:17.415-0500 [INFO] [org.gradle.launcher.daemon.server.DefaultIncomingConnectionHandler] Received command: Build{id=10b71a60-3d37-4159-a0b5-dd77071d242a, currentDir=C:\Users\tunei\AndroidStudioProjects\MyWeatherApplication}.
2023-06-18T13:45:17.415-0500 [DEBUG] [org.gradle.launcher.daemon.server.DefaultIncomingConnectionHandler] Starting executing command: Build{id=10b71a60-3d37-4159-a0b5-dd77071d242a, currentDir=C:\Users\tunei\AndroidStudioProjects\MyWeatherApplication} with connection: socket connection from /127.0.0.1:50933 to /127.0.0.1:51065.
2023-06-18T13:45:17.416-0500 [DEBUG] [org.gradle.launcher.daemon.server.DaemonStateCoordinator] Command execution: started DaemonCommandExecution[command = Build{id=10b71a60-3d37-4159-a0b5-dd77071d242a, currentDir=C:\Users\tunei\AndroidStudioProjects\MyWeatherApplication}, connection = DefaultDaemonConnection: socket connection from /127.0.0.1:50933 to /127.0.0.1:51065] after 0.0 minutes of idle
2023-06-18T13:45:17.416-0500 [INFO] [org.gradle.launcher.daemon.server.DaemonRegistryUpdater] Marking the daemon as busy, address: [6ee2e367-17de-436f-a201-860908ba743c port:50933, addresses:[localhost/127.0.0.1]]
2023-06-18T13:45:17.417-0500 [DEBUG] [org.gradle.launcher.daemon.registry.PersistentDaemonRegistry] Marking busy by address: [6ee2e367-17de-436f-a201-860908ba743c port:50933, addresses:[localhost/127.0.0.1]]
2023-06-18T13:45:17.419-0500 [DEBUG] [org.gradle.cache.internal.DefaultFileLockManager] Waiting to acquire exclusive lock on daemon addresses registry.
2023-06-18T13:45:17.420-0500 [DEBUG] [org.gradle.cache.internal.DefaultFileLockManager] Lock acquired on daemon addresses registry.
2023-06-18T13:45:17.424-0500 [DEBUG] [org.gradle.cache.internal.DefaultFileLockManager] Releasing lock on daemon addresses registry.
2023-06-18T13:45:17.425-0500 [DEBUG] [org.gradle.launcher.daemon.server.DaemonStateCoordinator] resetting idle timer
2023-06-18T13:45:17.425-0500 [INFO] [org.gradle.launcher.daemon.server.exec.StartBuildOrRespondWithBusy] Daemon is about to start building Build{id=10b71a60-3d37-4159-a0b5-dd77071d242a, currentDir=C:\Users\tunei\AndroidStudioProjects\MyWeatherApplication}. Dispatching build started information...
2023-06-18T13:45:17.425-0500 [DEBUG] [org.gradle.launcher.daemon.server.SynchronizedDispatchConnection] thread 24: dispatching org.gradle.launcher.daemon.protocol.BuildStarted@57cf183b
2023-06-18T13:45:17.425-0500 [DEBUG] [org.gradle.launcher.daemon.server.DaemonStateCoordinator] daemon is running. Sleeping until state changes.
2023-06-18T13:45:17.430-0500 [DEBUG] [org.gradle.launcher.daemon.server.exec.EstablishBuildEnvironment] Configuring env variables: [USERDOMAIN_ROAMINGPROFILE, LOCALAPPDATA, PROCESSOR_LEVEL, USERDOMAIN, LOGONSERVER, JAVA_HOME, SESSIONNAME, ALLUSERSPROFILE, PROCESSOR_ARCHITECTURE, PSModulePath, SystemDrive, OneDrive, APPDATA, USERNAME, ProgramFiles(x86), CommonProgramFiles, Path, PATHEXT, DriverData, OS, OneDriveConsumer, COMPUTERNAME, PROCESSOR_REVISION, CommonProgramW6432, ComSpec, ProgramData, GIT_LFS_PATH, ProgramW6432, TEMP, HOMEPATH, SystemRoot, PROCESSOR_IDENTIFIER, HOMEDRIVE, USERPROFILE, TMP, CommonProgramFiles(x86), ProgramFiles, PUBLIC, windir, NUMBER_OF_PROCESSORS, =::, IDEA_INITIAL_DIRECTORY, ZES_ENABLE_SYSMAN]
2023-06-18T13:45:17.430-0500 [DEBUG] [org.gradle.launcher.daemon.server.SynchronizedDispatchConnection] thread 168: received class org.gradle.launcher.daemon.protocol.CloseInput
2023-06-18T13:45:17.430-0500 [DEBUG] [org.gradle.launcher.daemon.server.DefaultDaemonConnection] thread 168: Received IO message from client: org.gradle.launcher.daemon.protocol.CloseInput@16e6a1b4
2023-06-18T13:45:17.432-0500 [DEBUG] [org.gradle.launcher.daemon.server.exec.LogToClient] About to start relaying all logs to the client via the connection.
2023-06-18T13:45:17.432-0500 [INFO] [org.gradle.launcher.daemon.server.exec.LogToClient] The client will now receive all logging from the daemon (pid: 18496). The daemon log file: C:\Users\tunei\AndroidStudioProjects\ICS342-MobileApplicationDevelopment-Labs\daemon\8.0\daemon-18496.out.log
2023-06-18T13:45:17.436-0500 [INFO] [org.gradle.launcher.daemon.server.exec.LogAndCheckHealth] Starting 2nd build in daemon [uptime: 1 mins 7.95 secs, performance: 100%, GC rate: 0.00/s, heap usage: 0% of 2 GiB]
2023-06-18T13:45:17.437-0500 [DEBUG] [org.gradle.launcher.daemon.server.exec.ExecuteBuild] The daemon has started executing the build.
2023-06-18T13:45:17.437-0500 [DEBUG] [org.gradle.launcher.daemon.server.exec.ExecuteBuild] Executing build with daemon context: DefaultDaemonContext[uid=eb1158ef-39c3-4ec6-a168-42a3d58e86bf,javaHome=C:\Program Files\Java\jdk-17.0.2,daemonRegistryDir=C:\Users\tunei\AndroidStudioProjects\ICS342-MobileApplicationDevelopment-Labs\daemon,pid=18496,idleTimeout=10800000,priority=NORMAL,daemonOpts=--add-opens=java.base/java.util=ALL-UNNAMED,--add-opens=java.base/java.lang=ALL-UNNAMED,--add-opens=java.base/java.lang.invoke=ALL-UNNAMED,--add-opens=java.prefs/java.util.prefs=ALL-UNNAMED,--add-opens=java.base/java.nio.charset=ALL-UNNAMED,--add-opens=java.base/java.net=ALL-UNNAMED,--add-opens=java.base/java.util.concurrent.atomic=ALL-UNNAMED,-Xmx2048m,-Dfile.encoding=UTF-8,-Duser.country=US,-Duser.language=en,-Duser.variant]

BUILD SUCCESSFUL in 4s
31 actionable tasks: 31 up-to-date
2023-06-18T13:45:21.786-0500 [DEBUG] [org.gradle.launcher.daemon.server.exec.ExecuteBuild] The daemon has finished executing the build.
2023-06-18T13:45:21.791-0500 [DEBUG] [sun.rmi.transport.tcp] RMI Scheduler(0): close connection, socket: Socket[addr=localhost/127.0.0.1,port=17639,localport=51003]
2023-06-18T13:45:21.791-0500 [DEBUG] [org.gradle.launcher.daemon.server.DaemonStateCoordinator] Command execution: finished waiting for DaemonCommandExecution[command = Build{id=10b71a60-3d37-4159-a0b5-dd77071d242a, currentDir=C:\Users\tunei\AndroidStudioProjects\MyWeatherApplication}, connection = DefaultDaemonConnection: socket connection from /127.0.0.1:50933 to /127.0.0.1:51065]. Result org.gradle.launcher.daemon.server.DaemonStateCoordinator@7805d08c with state Busy
2023-06-18T13:45:21.793-0500 [DEBUG] [org.gradle.launcher.daemon.server.DaemonStateCoordinator] Command execution: completed DaemonCommandExecution[command = Build{id=10b71a60-3d37-4159-a0b5-dd77071d242a, currentDir=C:\Users\tunei\AndroidStudioProjects\MyWeatherApplication}, connection = DefaultDaemonConnection: socket connection from /127.0.0.1:50933 to /127.0.0.1:51065]
2023-06-18T13:45:21.794-0500 [DEBUG] [org.gradle.launcher.daemon.server.DaemonStateCoordinator] resetting idle timer
2023-06-18T13:45:21.794-0500 [INFO] [org.gradle.launcher.daemon.server.DaemonRegistryUpdater] Marking the daemon as idle, address: [6ee2e367-17de-436f-a201-860908ba743c port:50933, addresses:[localhost/127.0.0.1]]
2023-06-18T13:45:21.794-0500 [DEBUG] [org.gradle.launcher.daemon.registry.PersistentDaemonRegistry] Marking busy by address: [6ee2e367-17de-436f-a201-860908ba743c port:50933, addresses:[localhost/127.0.0.1]]
2023-06-18T13:45:21.797-0500 [DEBUG] [org.gradle.cache.internal.DefaultFileLockManager] Waiting to acquire exclusive lock on daemon addresses registry.
2023-06-18T13:45:21.798-0500 [DEBUG] [org.gradle.cache.internal.DefaultFileLockManager] Lock acquired on daemon addresses registry.
2023-06-18T13:45:21.803-0500 [DEBUG] [org.gradle.cache.internal.DefaultFileLockManager] Releasing lock on daemon addresses registry.
2023-06-18T13:45:21.805-0500 [DEBUG] [org.gradle.launcher.daemon.server.DaemonStateCoordinator] daemon is running. Sleeping until state changes.
2023-06-18T13:45:21.805-0500 [DEBUG] [org.gradle.launcher.daemon.server.exec.ReturnResult] Daemon is dispatching the build result: Success[value=org.gradle.launcher.exec.BuildActionResult@7c814889]
2023-06-18T13:45:21.806-0500 [DEBUG] [org.gradle.launcher.daemon.server.SynchronizedDispatchConnection] thread 21: dispatching Success[value=org.gradle.launcher.exec.BuildActionResult@7c814889]
2023-06-18T13:45:21.807-0500 [DEBUG] [org.gradle.launcher.daemon.server.DefaultIncomingConnectionHandler] Finishing executing command: Build{id=10b71a60-3d37-4159-a0b5-dd77071d242a, currentDir=C:\Users\tunei\AndroidStudioProjects\MyWeatherApplication}
2023-06-18T13:45:21.807-0500 [DEBUG] [org.gradle.launcher.daemon.server.SynchronizedDispatchConnection] thread 168: received class org.gradle.launcher.daemon.protocol.Finished
2023-06-18T13:45:21.807-0500 [DEBUG] [org.gradle.launcher.daemon.server.DefaultDaemonConnection] thread 168: Received non-IO message from client: org.gradle.launcher.daemon.protocol.Finished@18215d18
2023-06-18T13:45:21.808-0500 [DEBUG] [org.gradle.launcher.daemon.server.DefaultIncomingConnectionHandler] Received finished message: org.gradle.launcher.daemon.protocol.Finished@18215d18
2023-06-18T13:45:21.808-0500 [DEBUG] [org.gradle.internal.remote.internal.inet.SocketConnection] Discarding EOFException: java.io.EOFException
2023-06-18T13:45:21.808-0500 [DEBUG] [org.gradle.launcher.daemon.server.SynchronizedDispatchConnection] thread 21: stopping connection
2023-06-18T13:45:21.808-0500 [DEBUG] [org.gradle.launcher.daemon.server.SynchronizedDispatchConnection] thread 168: received null
2023-06-18T13:45:21.809-0500 [DEBUG] [org.gradle.launcher.daemon.server.DefaultDaemonConnection] thread 168: Received end-of-input from client.
2023-06-18T13:45:21.809-0500 [DEBUG] [org.gradle.launcher.daemon.server.SynchronizedDispatchConnection] thread 21: stopping connection
2023-06-18T13:45:29.941-0500 [DEBUG] [org.gradle.cache.internal.DefaultFileLockManager] Waiting to acquire shared lock on daemon addresses registry.
2023-06-18T13:45:29.941-0500 [DEBUG] [org.gradle.cache.internal.DefaultFileLockManager] Lock acquired on daemon addresses registry.
2023-06-18T13:45:29.944-0500 [DEBUG] [org.gradle.cache.internal.DefaultFileLockManager] Releasing lock on daemon addresses registry.
2023-06-18T13:45:29.950-0500 [DEBUG] [org.gradle.cache.internal.DefaultFileLockManager] Waiting to acquire shared lock on daemon addresses registry.
2023-06-18T13:45:29.951-0500 [DEBUG] [org.gradle.cache.internal.DefaultFileLockManager] Lock acquired on daemon addresses registry.
2023-06-18T13:45:29.958-0500 [DEBUG] [org.gradle.cache.internal.DefaultFileLockManager] Releasing lock on daemon addresses registry.
2023-06-18T13:45:39.939-0500 [DEBUG] [org.gradle.cache.internal.DefaultFileLockManager] Waiting to acquire shared lock on daemon addresses registry.
2023-06-18T13:45:39.939-0500 [DEBUG] [org.gradle.cache.internal.DefaultFileLockManager] Lock acquired on daemon addresses registry.
2023-06-18T13:45:39.940-0500 [DEBUG] [org.gradle.cache.internal.DefaultFileLockManager] Releasing lock on daemon addresses registry.
2023-06-18T13:45:39.942-0500 [DEBUG] [org.gradle.cache.internal.DefaultFileLockManager] Waiting to acquire shared lock on daemon addresses registry.
2023-06-18T13:45:39.942-0500 [DEBUG] [org.gradle.cache.internal.DefaultFileLockManager] Lock acquired on daemon addresses registry.
2023-06-18T13:45:39.943-0500 [DEBUG] [org.gradle.cache.internal.DefaultFileLockManager] Releasing lock on daemon addresses registry.
2023-06-18T13:45:39.945-0500 [DEBUG] [org.gradle.cache.internal.DefaultFileLockManager] Waiting to acquire shared lock on daemon addresses registry.
2023-06-18T13:45:39.945-0500 [DEBUG] [org.gradle.cache.internal.DefaultFileLockManager] Lock acquired on daemon addresses registry.
2023-06-18T13:45:39.947-0500 [DEBUG] [org.gradle.cache.internal.DefaultFileLockManager] Releasing lock on daemon addresses registry.
2023-06-18T13:45:49.939-0500 [DEBUG] [org.gradle.cache.internal.DefaultFileLockManager] Waiting to acquire shared lock on daemon addresses registry.
2023-06-18T13:45:49.939-0500 [DEBUG] [org.gradle.cache.internal.DefaultFileLockManager] Lock acquired on daemon addresses registry.
2023-06-18T13:45:49.940-0500 [DEBUG] [org.gradle.cache.internal.DefaultFileLockManager] Releasing lock on daemon addresses registry.
2023-06-18T13:45:49.944-0500 [DEBUG] [org.gradle.cache.internal.DefaultFileLockManager] Waiting to acquire shared lock on daemon addresses registry.
2023-06-18T13:45:49.945-0500 [DEBUG] [org.gradle.cache.internal.DefaultFileLockManager] Lock acquired on daemon addresses registry.
2023-06-18T13:45:49.948-0500 [DEBUG] [org.gradle.cache.internal.DefaultFileLockManager] Releasing lock on daemon addresses registry.
2023-06-18T13:45:49.951-0500 [DEBUG] [org.gradle.cache.internal.DefaultFileLockManager] Waiting to acquire shared lock on daemon addresses registry.
2023-06-18T13:45:49.952-0500 [DEBUG] [org.gradle.cache.internal.DefaultFileLockManager] Lock acquired on daemon addresses registry.
2023-06-18T13:45:49.953-0500 [DEBUG] [org.gradle.cache.internal.DefaultFileLockManager] Releasing lock on daemon addresses registry.
2023-06-18T13:45:59.941-0500 [DEBUG] [org.gradle.cache.internal.DefaultFileLockManager] Waiting to acquire shared lock on daemon addresses registry.
2023-06-18T13:45:59.941-0500 [DEBUG] [org.gradle.cache.internal.DefaultFileLockManager] Lock acquired on daemon addresses registry.
2023-06-18T13:45:59.942-0500 [DEBUG] [org.gradle.cache.internal.DefaultFileLockManager] Releasing lock on daemon addresses registry.
2023-06-18T13:45:59.945-0500 [DEBUG] [org.gradle.cache.internal.DefaultFileLockManager] Waiting to acquire shared lock on daemon addresses registry.
2023-06-18T13:45:59.946-0500 [DEBUG] [org.gradle.cache.internal.DefaultFileLockManager] Lock acquired on daemon addresses registry.
2023-06-18T13:45:59.947-0500 [DEBUG] [org.gradle.cache.internal.DefaultFileLockManager] Releasing lock on daemon addresses registry.
2023-06-18T13:45:59.950-0500 [DEBUG] [org.gradle.cache.internal.DefaultFileLockManager] Waiting to acquire shared lock on daemon addresses registry.
2023-06-18T13:45:59.950-0500 [DEBUG] [org.gradle.cache.internal.DefaultFileLockManager] Lock acquired on daemon addresses registry.
2023-06-18T13:45:59.951-0500 [DEBUG] [org.gradle.cache.internal.DefaultFileLockManager] Releasing lock on daemon addresses registry.
2023-06-18T13:46:08.579-0500 [DEBUG] [org.gradle.internal.remote.internal.inet.TcpIncomingConnector] Accepted connection from /127.0.0.1:51227 to /127.0.0.1:50933.
2023-06-18T13:46:08.587-0500 [DEBUG] [org.gradle.launcher.daemon.server.SynchronizedDispatchConnection] thread 272: received class org.gradle.launcher.daemon.protocol.StopWhenIdle
2023-06-18T13:46:08.588-0500 [DEBUG] [org.gradle.launcher.daemon.server.DefaultDaemonConnection] thread 272: Received non-IO message from client: StopWhenIdle[id=27a1aada-7edc-4a4e-bf0a-9382f950a0a3]
2023-06-18T13:46:08.588-0500 [INFO] [org.gradle.launcher.daemon.server.DefaultIncomingConnectionHandler] Received command: StopWhenIdle[id=27a1aada-7edc-4a4e-bf0a-9382f950a0a3].
2023-06-18T13:46:08.588-0500 [DEBUG] [org.gradle.launcher.daemon.server.DefaultIncomingConnectionHandler] Starting executing command: StopWhenIdle[id=27a1aada-7edc-4a4e-bf0a-9382f950a0a3] with connection: socket connection from /127.0.0.1:50933 to /127.0.0.1:51227.
2023-06-18T13:46:08.588-0500 [DEBUG] [org.gradle.launcher.daemon.server.DaemonRegistryUpdater] Storing daemon stop event: stop command received
2023-06-18T13:46:08.590-0500 [DEBUG] [org.gradle.launcher.daemon.registry.PersistentDaemonRegistry] Storing daemon stop event with timestamp 1687113968588
2023-06-18T13:46:08.592-0500 [DEBUG] [org.gradle.cache.internal.DefaultFileLockManager] Waiting to acquire exclusive lock on daemon addresses registry.
2023-06-18T13:46:08.593-0500 [DEBUG] [org.gradle.cache.internal.DefaultFileLockManager] Lock acquired on daemon addresses registry.
2023-06-18T13:46:08.597-0500 [DEBUG] [org.gradle.cache.internal.DefaultFileLockManager] Releasing lock on daemon addresses registry.
2023-06-18T13:46:08.599-0500 [LIFECYCLE] [org.gradle.launcher.daemon.server.DaemonStateCoordinator] Daemon will be stopped at the end of the build stop command received
2023-06-18T13:46:08.600-0500 [DEBUG] [org.gradle.launcher.daemon.server.DaemonStateCoordinator] Marking daemon stopped due to stop command received. The daemon is running a build: false
2023-06-18T13:46:08.601-0500 [DEBUG] [org.gradle.launcher.daemon.server.DaemonStateCoordinator] daemon has stopped.
2023-06-18T13:46:08.601-0500 [DEBUG] [org.gradle.launcher.daemon.server.SynchronizedDispatchConnection] thread 21: dispatching Success[value=null]
2023-06-18T13:46:08.601-0500 [DEBUG] [org.gradle.launcher.daemon.server.DefaultIncomingConnectionHandler] Finishing executing command: StopWhenIdle[id=27a1aada-7edc-4a4e-bf0a-9382f950a0a3]
2023-06-18T13:46:08.601-0500 [DEBUG] [org.gradle.launcher.daemon.server.Daemon] stop() called on daemon
2023-06-18T13:46:08.602-0500 [DEBUG] [org.gradle.launcher.daemon.server.SynchronizedDispatchConnection] thread 272: received class org.gradle.launcher.daemon.protocol.Finished
2023-06-18T13:46:08.602-0500 [INFO] [org.gradle.launcher.daemon.server.Daemon] Stop requested. Daemon is removing its presence from the registry...
2023-06-18T13:46:08.602-0500 [DEBUG] [org.gradle.launcher.daemon.server.DefaultDaemonConnection] thread 272: Received non-IO message from client: org.gradle.launcher.daemon.protocol.Finished@6f8dbf41
2023-06-18T13:46:08.602-0500 [DEBUG] [org.gradle.launcher.daemon.server.DaemonRegistryUpdater] Removing our presence to clients, eg. removing this address from the registry: [6ee2e367-17de-436f-a201-860908ba743c port:50933, addresses:[localhost/127.0.0.1]]
2023-06-18T13:46:08.602-0500 [DEBUG] [org.gradle.launcher.daemon.server.DefaultIncomingConnectionHandler] Received finished message: org.gradle.launcher.daemon.protocol.Finished@6f8dbf41
2023-06-18T13:46:08.603-0500 [DEBUG] [org.gradle.internal.remote.internal.inet.SocketConnection] Discarding EOFException: java.io.EOFException
2023-06-18T13:46:08.602-0500 [DEBUG] [org.gradle.launcher.daemon.registry.PersistentDaemonRegistry] Removing daemon address: [6ee2e367-17de-436f-a201-860908ba743c port:50933, addresses:[localhost/127.0.0.1]]
2023-06-18T13:46:08.603-0500 [DEBUG] [org.gradle.launcher.daemon.server.SynchronizedDispatchConnection] thread 272: received null
2023-06-18T13:46:08.603-0500 [DEBUG] [org.gradle.launcher.daemon.server.SynchronizedDispatchConnection] thread 21: stopping connection
2023-06-18T13:46:08.603-0500 [DEBUG] [org.gradle.launcher.daemon.server.DefaultDaemonConnection] thread 272: Received end-of-input from client.
2023-06-18T13:46:08.604-0500 [DEBUG] [org.gradle.launcher.daemon.server.SynchronizedDispatchConnection] thread 21: stopping connection
2023-06-18T13:46:08.605-0500 [DEBUG] [org.gradle.cache.internal.DefaultFileLockManager] Waiting to acquire exclusive lock on daemon addresses registry.
2023-06-18T13:46:08.606-0500 [DEBUG] [org.gradle.cache.internal.DefaultFileLockManager] Lock acquired on daemon addresses registry.
2023-06-18T13:46:08.608-0500 [DEBUG] [org.gradle.cache.internal.DefaultFileLockManager] Releasing lock on daemon addresses registry.
2023-06-18T13:46:08.609-0500 [DEBUG] [org.gradle.launcher.daemon.server.DaemonRegistryUpdater] Address removed from registry.
2023-06-18T13:46:08.610-0500 [DEBUG] [org.gradle.cache.internal.LockOnDemandCrossProcessCacheAccess] Releasing file lock for jars (C:\Users\tunei\AndroidStudioProjects\ICS342-MobileApplicationDevelopment-Labs\caches\jars-9)
2023-06-18T13:46:08.610-0500 [DEBUG] [org.gradle.cache.internal.DefaultFileLockManager] Releasing lock on jars (C:\Users\tunei\AndroidStudioProjects\ICS342-MobileApplicationDevelopment-Labs\caches\jars-9).
2023-06-18T13:46:08.611-0500 [DEBUG] [org.gradle.cache.internal.DefaultPersistentDirectoryStore] jars (C:\Users\tunei\AndroidStudioProjects\ICS342-MobileApplicationDevelopment-Labs\caches\jars-9) has last been fully cleaned up 121 hours ago
2023-06-18T13:46:08.619-0500 [INFO] [org.gradle.cache.internal.AbstractCacheCleanup] jars (C:\Users\tunei\AndroidStudioProjects\ICS342-MobileApplicationDevelopment-Labs\caches\jars-9) cleanup deleted 0 files/directories.
2023-06-18T13:46:08.619-0500 [INFO] [org.gradle.cache.internal.LeastRecentlyUsedCacheCleanup] jars (C:\Users\tunei\AndroidStudioProjects\ICS342-MobileApplicationDevelopment-Labs\caches\jars-9) removing files not accessed on or after Sun Jun 11 13:45:17 CDT 2023.
2023-06-18T13:46:08.813-0500 [INFO] [org.gradle.cache.internal.AbstractCacheCleanup] jars (C:\Users\tunei\AndroidStudioProjects\ICS342-MobileApplicationDevelopment-Labs\caches\jars-9) cleanup deleted 39 files/directories.
2023-06-18T13:46:08.814-0500 [INFO] [org.gradle.cache.internal.DefaultPersistentDirectoryStore] jars (C:\Users\tunei\AndroidStudioProjects\ICS342-MobileApplicationDevelopment-Labs\caches\jars-9) cleaned up in 0.201 secs.
2023-06-18T13:46:08.814-0500 [DEBUG] [org.gradle.cache.internal.LockOnDemandCrossProcessCacheAccess] Releasing file lock for Artifact transforms cache (C:\Users\tunei\AndroidStudioProjects\ICS342-MobileApplicationDevelopment-Labs\caches\transforms-3)
2023-06-18T13:46:08.815-0500 [DEBUG] [org.gradle.cache.internal.DefaultFileLockManager] Releasing lock on Artifact transforms cache (C:\Users\tunei\AndroidStudioProjects\ICS342-MobileApplicationDevelopment-Labs\caches\transforms-3).
2023-06-18T13:46:08.815-0500 [DEBUG] [org.gradle.cache.internal.DefaultPersistentDirectoryStore] Artifact transforms cache (C:\Users\tunei\AndroidStudioProjects\ICS342-MobileApplicationDevelopment-Labs\caches\transforms-3) has last been fully cleaned up 121 hours ago
2023-06-18T13:46:08.817-0500 [INFO] [org.gradle.cache.internal.LeastRecentlyUsedCacheCleanup] Artifact transforms cache (C:\Users\tunei\AndroidStudioProjects\ICS342-MobileApplicationDevelopment-Labs\caches\transforms-3) removing files not accessed on or after Sun Jun 11 13:45:17 CDT 2023.
2023-06-18T13:46:09.218-0500 [INFO] [org.gradle.cache.internal.AbstractCacheCleanup] Artifact transforms cache (C:\Users\tunei\AndroidStudioProjects\ICS342-MobileApplicationDevelopment-Labs\caches\transforms-3) cleanup deleted 101 files/directories.
2023-06-18T13:46:09.218-0500 [INFO] [org.gradle.cache.internal.DefaultPersistentDirectoryStore] Artifact transforms cache (C:\Users\tunei\AndroidStudioProjects\ICS342-MobileApplicationDevelopment-Labs\caches\transforms-3) cleaned up in 0.402 secs.
2023-06-18T13:46:09.224-0500 [DEBUG] [org.gradle.cache.internal.LockOnDemandCrossProcessCacheAccess] Releasing file lock for file content cache (C:\Users\tunei\AndroidStudioProjects\ICS342-MobileApplicationDevelopment-Labs\caches\8.0\fileContent)
2023-06-18T13:46:09.224-0500 [DEBUG] [org.gradle.cache.internal.DefaultFileLockManager] Releasing lock on file content cache (C:\Users\tunei\AndroidStudioProjects\ICS342-MobileApplicationDevelopment-Labs\caches\8.0\fileContent).
2023-06-18T13:46:09.224-0500 [DEBUG] [org.gradle.internal.watch.vfs.impl.WatchingVirtualFileSystem] Closing VFS, dropping state
2023-06-18T13:46:09.225-0500 [DEBUG] [org.gradle.cache.internal.DefaultCacheAccess] Cache Generated Gradle JARs cache (C:\Users\tunei\AndroidStudioProjects\ICS342-MobileApplicationDevelopment-Labs\caches\8.0\generated-gradle-jars) was closed 0 times.
2023-06-18T13:46:09.225-0500 [DEBUG] [org.gradle.internal.watch.registry.impl.DefaultFileWatcherRegistry] Finished listening to file system change events
2023-06-18T13:46:09.226-0500 [DEBUG] [org.gradle.cache.internal.LockOnDemandCrossProcessCacheAccess] Releasing file lock for artifact cache (C:\Users\tunei\AndroidStudioProjects\ICS342-MobileApplicationDevelopment-Labs\caches\modules-2)
2023-06-18T13:46:09.226-0500 [DEBUG] [org.gradle.cache.internal.btree.BTreePersistentIndexedCache] Closing cache module-metadata.bin (C:\Users\tunei\AndroidStudioProjects\ICS342-MobileApplicationDevelopment-Labs\caches\modules-2\metadata-2.100\module-metadata.bin)
2023-06-18T13:46:09.226-0500 [DEBUG] [org.gradle.cache.internal.btree.BTreePersistentIndexedCache] Closing cache module-artifact.bin (C:\Users\tunei\AndroidStudioProjects\ICS342-MobileApplicationDevelopment-Labs\caches\modules-2\metadata-2.100\module-artifact.bin)
2023-06-18T13:46:09.226-0500 [DEBUG] [org.gradle.cache.internal.DefaultFileLockManager] Releasing lock on artifact cache (C:\Users\tunei\AndroidStudioProjects\ICS342-MobileApplicationDevelopment-Labs\caches\modules-2).
2023-06-18T13:46:09.227-0500 [DEBUG] [org.gradle.cache.internal.DefaultPersistentDirectoryStore] artifact cache (C:\Users\tunei\AndroidStudioProjects\ICS342-MobileApplicationDevelopment-Labs\caches\modules-2) has last been fully cleaned up 121 hours ago
2023-06-18T13:46:09.228-0500 [INFO] [org.gradle.cache.internal.AbstractCacheCleanup] artifact cache (C:\Users\tunei\AndroidStudioProjects\ICS342-MobileApplicationDevelopment-Labs\caches\modules-2) cleanup deleted 0 files/directories.
2023-06-18T13:46:09.230-0500 [INFO] [org.gradle.cache.internal.AbstractCacheCleanup] artifact cache (C:\Users\tunei\AndroidStudioProjects\ICS342-MobileApplicationDevelopment-Labs\caches\modules-2) [subdir: C:\Users\tunei\AndroidStudioProjects\ICS342-MobileApplicationDevelopment-Labs\caches\modules-2\resources-2.1] cleanup deleted 0 files/directories.
2023-06-18T13:46:09.230-0500 [INFO] [org.gradle.cache.internal.LeastRecentlyUsedCacheCleanup] artifact cache (C:\Users\tunei\AndroidStudioProjects\ICS342-MobileApplicationDevelopment-Labs\caches\modules-2) [subdir: C:\Users\tunei\AndroidStudioProjects\ICS342-MobileApplicationDevelopment-Labs\caches\modules-2\resources-2.1] removing files not accessed on or after Fri May 19 13:45:17 CDT 2023.
2023-06-18T13:46:09.230-0500 [INFO] [org.gradle.cache.internal.AbstractCacheCleanup] artifact cache (C:\Users\tunei\AndroidStudioProjects\ICS342-MobileApplicationDevelopment-Labs\caches\modules-2) [subdir: C:\Users\tunei\AndroidStudioProjects\ICS342-MobileApplicationDevelopment-Labs\caches\modules-2\resources-2.1] cleanup deleted 0 files/directories.
2023-06-18T13:46:09.231-0500 [INFO] [org.gradle.cache.internal.AbstractCacheCleanup] artifact cache (C:\Users\tunei\AndroidStudioProjects\ICS342-MobileApplicationDevelopment-Labs\caches\modules-2) [subdir: C:\Users\tunei\AndroidStudioProjects\ICS342-MobileApplicationDevelopment-Labs\caches\modules-2\files-2.1] cleanup deleted 0 files/directories.
2023-06-18T13:46:09.231-0500 [INFO] [org.gradle.cache.internal.LeastRecentlyUsedCacheCleanup] artifact cache (C:\Users\tunei\AndroidStudioProjects\ICS342-MobileApplicationDevelopment-Labs\caches\modules-2) [subdir: C:\Users\tunei\AndroidStudioProjects\ICS342-MobileApplicationDevelopment-Labs\caches\modules-2\files-2.1] removing files not accessed on or after Fri May 19 13:45:17 CDT 2023.
2023-06-18T13:46:09.415-0500 [INFO] [org.gradle.cache.internal.AbstractCacheCleanup] artifact cache (C:\Users\tunei\AndroidStudioProjects\ICS342-MobileApplicationDevelopment-Labs\caches\modules-2) [subdir: C:\Users\tunei\AndroidStudioProjects\ICS342-MobileApplicationDevelopment-Labs\caches\modules-2\files-2.1] cleanup deleted 0 files/directories.
2023-06-18T13:46:09.416-0500 [INFO] [org.gradle.cache.internal.AbstractCacheCleanup] artifact cache (C:\Users\tunei\AndroidStudioProjects\ICS342-MobileApplicationDevelopment-Labs\caches\modules-2) [subdir: C:\Users\tunei\AndroidStudioProjects\ICS342-MobileApplicationDevelopment-Labs\caches\modules-2\metadata-2.100] cleanup deleted 0 files/directories.
2023-06-18T13:46:09.417-0500 [INFO] [org.gradle.cache.internal.DefaultPersistentDirectoryStore] artifact cache (C:\Users\tunei\AndroidStudioProjects\ICS342-MobileApplicationDevelopment-Labs\caches\modules-2) cleaned up in 0.189 secs.
2023-06-18T13:46:09.417-0500 [DEBUG] [org.gradle.cache.internal.LockOnDemandCrossProcessCacheAccess] Releasing file lock for journal cache (C:\Users\tunei\AndroidStudioProjects\ICS342-MobileApplicationDevelopment-Labs\caches\journal-1)
2023-06-18T13:46:09.418-0500 [DEBUG] [org.gradle.cache.internal.btree.BTreePersistentIndexedCache] Closing cache file-access.bin (C:\Users\tunei\AndroidStudioProjects\ICS342-MobileApplicationDevelopment-Labs\caches\journal-1\file-access.bin)
2023-06-18T13:46:09.418-0500 [DEBUG] [org.gradle.cache.internal.DefaultFileLockManager] Releasing lock on journal cache (C:\Users\tunei\AndroidStudioProjects\ICS342-MobileApplicationDevelopment-Labs\caches\journal-1).
2023-06-18T13:46:09.419-0500 [DEBUG] [org.gradle.cache.internal.LockOnDemandCrossProcessCacheAccess] Releasing file lock for file hash cache (C:\Users\tunei\AndroidStudioProjects\ICS342-MobileApplicationDevelopment-Labs\caches\8.0\fileHashes)
2023-06-18T13:46:09.419-0500 [DEBUG] [org.gradle.cache.internal.btree.BTreePersistentIndexedCache] Closing cache fileHashes.bin (C:\Users\tunei\AndroidStudioProjects\ICS342-MobileApplicationDevelopment-Labs\caches\8.0\fileHashes\fileHashes.bin)
2023-06-18T13:46:09.419-0500 [DEBUG] [org.gradle.cache.internal.btree.BTreePersistentIndexedCache] Closing cache resourceHashesCache.bin (C:\Users\tunei\AndroidStudioProjects\ICS342-MobileApplicationDevelopment-Labs\caches\8.0\fileHashes\resourceHashesCache.bin)
2023-06-18T13:46:09.420-0500 [DEBUG] [org.gradle.cache.internal.DefaultFileLockManager] Releasing lock on file hash cache (C:\Users\tunei\AndroidStudioProjects\ICS342-MobileApplicationDevelopment-Labs\caches\8.0\fileHashes).
2023-06-18T13:46:09.420-0500 [DEBUG] [org.gradle.cache.internal.LockOnDemandCrossProcessCacheAccess] Releasing file lock for execution history cache (C:\Users\tunei\AndroidStudioProjects\ICS342-MobileApplicationDevelopment-Labs\caches\8.0\executionHistory)
2023-06-18T13:46:09.421-0500 [DEBUG] [org.gradle.cache.internal.btree.BTreePersistentIndexedCache] Closing cache executionHistory.bin (C:\Users\tunei\AndroidStudioProjects\ICS342-MobileApplicationDevelopment-Labs\caches\8.0\executionHistory\executionHistory.bin)
2023-06-18T13:46:09.421-0500 [DEBUG] [org.gradle.cache.internal.DefaultFileLockManager] Releasing lock on execution history cache (C:\Users\tunei\AndroidStudioProjects\ICS342-MobileApplicationDevelopment-Labs\caches\8.0\executionHistory).
2023-06-18T13:46:09.424-0500 [DEBUG] [org.gradle.cache.internal.VersionSpecificCacheCleanupAction] Processed version-specific caches at C:\Users\tunei\AndroidStudioProjects\ICS342-MobileApplicationDevelopment-Labs\caches for cleanup in 0.0 secs
Daemon vm is shutting down... The daemon has exited normally or was terminated in response to a user interrupt.
2023-06-18T13:46:09.430-0500 [DEBUG] [org.gradle.launcher.daemon.registry.PersistentDaemonRegistry] Removing daemon address: [6ee2e367-17de-436f-a201-860908ba743c port:50933, addresses:[localhost/127.0.0.1]]
2023-06-18T13:46:09.431-0500 [DEBUG] [org.gradle.cache.internal.DefaultFileLockManager] Waiting to acquire exclusive lock on daemon addresses registry.
2023-06-18T13:46:09.432-0500 [DEBUG] [org.gradle.cache.internal.DefaultFileLockManager] Lock acquired on daemon addresses registry.
2023-06-18T13:46:09.433-0500 [DEBUG] [org.gradle.cache.internal.DefaultFileLockManager] Releasing lock on daemon addresses registry.
